"Severity","ThreadID","Date","Time","Application","Message"
"INFO","http-nio-8888-exec-1","03/22/2019","14:25:33","OSGi","add bundle:/opt/lucee/tomcat/lucee-server/bundles/org.h2-1.3.172.jar"
"INFO","http-nio-8888-exec-1","03/22/2019","14:25:33","OSGi","start bundle:org.h2:1.3.172"
"ERROR","http-nio-8888-exec-1","03/22/2019","14:25:33","",";variable [fourMinutes] doesn't exist;lucee.runtime.exp.ExpressionException: variable [fourMinutes] doesn't exist
	at lucee.runtime.type.scope.UndefinedImpl.get(UndefinedImpl.java:241)
	at test_cfm$cf.call(/test.cfm:5)
	at lucee.runtime.PageContextImpl._doInclude(PageContextImpl.java:933)
	at lucee.runtime.PageContextImpl._doInclude(PageContextImpl.java:823)
	at lucee.runtime.listener.ModernAppListener._onRequest(ModernAppListener.java:218)
	at lucee.runtime.listener.MixedAppListener.onRequest(MixedAppListener.java:43)
	at lucee.runtime.PageContextImpl.execute(PageContextImpl.java:2464)
	at lucee.runtime.PageContextImpl._execute(PageContextImpl.java:2454)
	at lucee.runtime.PageContextImpl.executeCFML(PageContextImpl.java:2427)
	at lucee.runtime.engine.Request.exe(Request.java:44)
	at lucee.runtime.engine.CFMLEngineImpl._service(CFMLEngineImpl.java:1090)
	at lucee.runtime.engine.CFMLEngineImpl.serviceCFML(CFMLEngineImpl.java:1038)
	at lucee.loader.engine.CFMLEngineWrapper.serviceCFML(CFMLEngineWrapper.java:102)
	at lucee.loader.servlet.CFMLServlet.service(CFMLServlet.java:51)
	at javax.servlet.http.HttpServlet.service(HttpServlet.java:742)
	at org.apache.catalina.core.ApplicationFilterChain.internalDoFilter(ApplicationFilterChain.java:231)
	at org.apache.catalina.core.ApplicationFilterChain.doFilter(ApplicationFilterChain.java:166)
	at org.apache.tomcat.websocket.server.WsFilter.doFilter(WsFilter.java:52)
	at org.apache.catalina.core.ApplicationFilterChain.internalDoFilter(ApplicationFilterChain.java:193)
	at org.apache.catalina.core.ApplicationFilterChain.doFilter(ApplicationFilterChain.java:166)
	at org.apache.catalina.core.StandardWrapperValve.invoke(StandardWrapperValve.java:198)
	at org.apache.catalina.core.StandardContextValve.invoke(StandardContextValve.java:96)
	at org.apache.catalina.authenticator.AuthenticatorBase.invoke(AuthenticatorBase.java:493)
	at org.apache.catalina.core.StandardHostValve.invoke(StandardHostValve.java:140)
	at org.apache.catalina.valves.ErrorReportValve.invoke(ErrorReportValve.java:81)
	at mod_cfml.core.invoke(core.java:152)
	at org.apache.catalina.valves.AbstractAccessLogValve.invoke(AbstractAccessLogValve.java:650)
	at org.apache.catalina.core.StandardEngineValve.invoke(StandardEngineValve.java:87)
	at org.apache.catalina.connector.CoyoteAdapter.service(CoyoteAdapter.java:342)
	at org.apache.coyote.http11.Http11Processor.service(Http11Processor.java:800)
	at org.apache.coyote.AbstractProcessorLight.process(AbstractProcessorLight.java:66)
	at org.apache.coyote.AbstractProtocol$ConnectionHandler.process(AbstractProtocol.java:806)
	at org.apache.tomcat.util.net.NioEndpoint$SocketProcessor.doRun(NioEndpoint.java:1498)
	at org.apache.tomcat.util.net.SocketProcessorBase.run(SocketProcessorBase.java:49)
	at java.util.concurrent.ThreadPoolExecutor.runWorker(ThreadPoolExecutor.java:1149)
	at java.util.concurrent.ThreadPoolExecutor$Worker.run(ThreadPoolExecutor.java:624)
	at org.apache.tomcat.util.threads.TaskThread$WrappingRunnable.run(TaskThread.java:61)
	at java.lang.Thread.run(Thread.java:748)
"
"INFO","http-nio-8888-exec-3","03/22/2019","14:25:54","Instrumentation","not found [lucee.runtime.instrumentation.ExternalAgent] in ClassLoader [sun.misc.Launcher$AppClassLoader@70dea4e]"
"INFO","http-nio-8888-exec-3","03/22/2019","14:25:54","Instrumentation","not found [lucee.runtime.instrumentation.ExternalAgent] in ClassLoader [java.net.URLClassLoader@38af3868]"
"INFO","http-nio-8888-exec-3","03/22/2019","14:25:54","Instrumentation","not found [lucee.runtime.instrumentation.ExternalAgent] in ClassLoader [lucee.commons.io.res.util.ResourceClassLoader@531f37a9]"
"INFO","http-nio-8888-exec-3","03/22/2019","14:25:54","Instrumentation","looking for tools.jar"
"INFO","http-nio-8888-exec-3","03/22/2019","14:25:54","Instrumentation","couldn't find tools.jar at: /opt/lucee/jdk/jre/jre/lib/tools.jar"
"INFO","http-nio-8888-exec-3","03/22/2019","14:25:54","Instrumentation","tools.jar used:/opt/lucee/jdk/jre/lib/tools.jar"
"INFO","http-nio-8888-exec-3","03/22/2019","14:25:54","Instrumentation","loaded VirtualMachine class:com.sun.tools.attach.VirtualMachine"
"INFO","http-nio-8888-exec-3","03/22/2019","14:25:54","Instrumentation","try to load agent (path:/opt/lucee/tomcat/lucee-server/context/lucee-external-agent.jar)"
"INFO","http-nio-8888-exec-3","03/22/2019","14:25:54","Instrumentation","pid:703"
"INFO","http-nio-8888-exec-3","03/22/2019","14:25:54","Instrumentation","found [lucee.runtime.instrumentation.ExternalAgent] in ClassLoader [sun.misc.Launcher$AppClassLoader@70dea4e]"
"INFO","http-nio-8888-exec-3","03/22/2019","14:25:54","Instrumentation","ExternalAgent does contain a Instrumentation instance"
"ERROR","http-nio-8888-exec-8","03/22/2019","14:29:24","",";Attribute fetchedoperationsnumber is not allowed for tag cfhttp
valid attribute names are [url,encodeurl,compression,result,addtoken,port,method,username,password,preauth,multipart,multiparttype,getasbinary,name,columns,path,file,delimiter,textqualifier,resolveurl,proxyserver,proxyport,proxyuser,proxypassword,useragent,throwonerror,redirect,timeout,charset,firstrowasheaders,authtype,workstation,domain,clientcert,clientcertpassword,cachedwithin];lucee.runtime.exp.TemplateException: Attribute fetchedoperationsnumber is not allowed for tag cfhttp
	at lucee.transformer.cfml.tag.CFMLTransformer.createTemplateException(CFMLTransformer.java:1214)
	at lucee.transformer.cfml.tag.CFMLTransformer.attributeName(CFMLTransformer.java:1099)
	at lucee.transformer.cfml.tag.CFMLTransformer.attribute(CFMLTransformer.java:1013)
	at lucee.transformer.cfml.tag.CFMLTransformer.attributes(CFMLTransformer.java:892)
	at lucee.transformer.cfml.tag.CFMLTransformer.tag(CFMLTransformer.java:609)
	at lucee.transformer.cfml.tag.CFMLTransformer.body(CFMLTransformer.java:380)
	at lucee.transformer.cfml.tag.CFMLTransformer.transform(CFMLTransformer.java:320)
	at lucee.transformer.cfml.tag.CFMLTransformer.transform(CFMLTransformer.java:153)
	at lucee.runtime.compiler.CFMLCompilerImpl._compile(CFMLCompilerImpl.java:126)
	at lucee.runtime.compiler.CFMLCompilerImpl.compile(CFMLCompilerImpl.java:74)
	at lucee.runtime.PageSourceImpl._compile(PageSourceImpl.java:400)
	at lucee.runtime.PageSourceImpl.compile(PageSourceImpl.java:368)
	at lucee.runtime.PageSourceImpl.loadPhysical(PageSourceImpl.java:309)
	at lucee.runtime.PageSourceImpl.loadPageThrowTemplateException(PageSourceImpl.java:218)
	at lucee.runtime.PageSourceImpl.loadPage(PageSourceImpl.java:961)
	at lucee.runtime.PageContextImpl._doInclude(PageContextImpl.java:927)
	at lucee.runtime.PageContextImpl._doInclude(PageContextImpl.java:823)
	at lucee.runtime.listener.ModernAppListener._onRequest(ModernAppListener.java:218)
	at lucee.runtime.listener.MixedAppListener.onRequest(MixedAppListener.java:43)
	at lucee.runtime.PageContextImpl.execute(PageContextImpl.java:2464)
	at lucee.runtime.PageContextImpl._execute(PageContextImpl.java:2454)
	at lucee.runtime.PageContextImpl.executeCFML(PageContextImpl.java:2427)
	at lucee.runtime.engine.Request.exe(Request.java:44)
	at lucee.runtime.engine.CFMLEngineImpl._service(CFMLEngineImpl.java:1090)
	at lucee.runtime.engine.CFMLEngineImpl.serviceCFML(CFMLEngineImpl.java:1038)
	at lucee.loader.engine.CFMLEngineWrapper.serviceCFML(CFMLEngineWrapper.java:102)
	at lucee.loader.servlet.CFMLServlet.service(CFMLServlet.java:51)
	at javax.servlet.http.HttpServlet.service(HttpServlet.java:742)
	at org.apache.catalina.core.ApplicationFilterChain.internalDoFilter(ApplicationFilterChain.java:231)
	at org.apache.catalina.core.ApplicationFilterChain.doFilter(ApplicationFilterChain.java:166)
	at org.apache.tomcat.websocket.server.WsFilter.doFilter(WsFilter.java:52)
	at org.apache.catalina.core.ApplicationFilterChain.internalDoFilter(ApplicationFilterChain.java:193)
	at org.apache.catalina.core.ApplicationFilterChain.doFilter(ApplicationFilterChain.java:166)
	at org.apache.catalina.core.StandardWrapperValve.invoke(StandardWrapperValve.java:198)
	at org.apache.catalina.core.StandardContextValve.invoke(StandardContextValve.java:96)
	at org.apache.catalina.authenticator.AuthenticatorBase.invoke(AuthenticatorBase.java:493)
	at org.apache.catalina.core.StandardHostValve.invoke(StandardHostValve.java:140)
	at org.apache.catalina.valves.ErrorReportValve.invoke(ErrorReportValve.java:81)
	at mod_cfml.core.invoke(core.java:152)
	at org.apache.catalina.valves.AbstractAccessLogValve.invoke(AbstractAccessLogValve.java:650)
	at org.apache.catalina.core.StandardEngineValve.invoke(StandardEngineValve.java:87)
	at org.apache.catalina.connector.CoyoteAdapter.service(CoyoteAdapter.java:342)
	at org.apache.coyote.http11.Http11Processor.service(Http11Processor.java:800)
	at org.apache.coyote.AbstractProcessorLight.process(AbstractProcessorLight.java:66)
	at org.apache.coyote.AbstractProtocol$ConnectionHandler.process(AbstractProtocol.java:806)
	at org.apache.tomcat.util.net.NioEndpoint$SocketProcessor.doRun(NioEndpoint.java:1498)
	at org.apache.tomcat.util.net.SocketProcessorBase.run(SocketProcessorBase.java:49)
	at java.util.concurrent.ThreadPoolExecutor.runWorker(ThreadPoolExecutor.java:1149)
	at java.util.concurrent.ThreadPoolExecutor$Worker.run(ThreadPoolExecutor.java:624)
	at org.apache.tomcat.util.threads.TaskThread$WrappingRunnable.run(TaskThread.java:61)
	at java.lang.Thread.run(Thread.java:748)
"
"ERROR","http-nio-8888-exec-4","03/22/2019","14:33:27","",";key [source] doesn't exist;lucee.runtime.exp.ExpressionException: key [source] doesn't exist
	at lucee.runtime.type.util.StructSupport.invalidKey(StructSupport.java:69)
	at lucee.runtime.type.StructImpl.get(StructImpl.java:135)
	at lucee.runtime.type.util.StructSupport.get(StructSupport.java:244)
	at lucee.runtime.util.VariableUtilImpl.get(VariableUtilImpl.java:263)
	at lucee.runtime.util.VariableUtilImpl.getCollection(VariableUtilImpl.java:257)
	at lucee.runtime.PageContextImpl.getCollection(PageContextImpl.java:1496)
	at test_cfm$cf.call(/test.cfm:11)
	at lucee.runtime.PageContextImpl._doInclude(PageContextImpl.java:933)
	at lucee.runtime.PageContextImpl._doInclude(PageContextImpl.java:823)
	at lucee.runtime.listener.ModernAppListener._onRequest(ModernAppListener.java:218)
	at lucee.runtime.listener.MixedAppListener.onRequest(MixedAppListener.java:43)
	at lucee.runtime.PageContextImpl.execute(PageContextImpl.java:2464)
	at lucee.runtime.PageContextImpl._execute(PageContextImpl.java:2454)
	at lucee.runtime.PageContextImpl.executeCFML(PageContextImpl.java:2427)
	at lucee.runtime.engine.Request.exe(Request.java:44)
	at lucee.runtime.engine.CFMLEngineImpl._service(CFMLEngineImpl.java:1090)
	at lucee.runtime.engine.CFMLEngineImpl.serviceCFML(CFMLEngineImpl.java:1038)
	at lucee.loader.engine.CFMLEngineWrapper.serviceCFML(CFMLEngineWrapper.java:102)
	at lucee.loader.servlet.CFMLServlet.service(CFMLServlet.java:51)
	at javax.servlet.http.HttpServlet.service(HttpServlet.java:742)
	at org.apache.catalina.core.ApplicationFilterChain.internalDoFilter(ApplicationFilterChain.java:231)
	at org.apache.catalina.core.ApplicationFilterChain.doFilter(ApplicationFilterChain.java:166)
	at org.apache.tomcat.websocket.server.WsFilter.doFilter(WsFilter.java:52)
	at org.apache.catalina.core.ApplicationFilterChain.internalDoFilter(ApplicationFilterChain.java:193)
	at org.apache.catalina.core.ApplicationFilterChain.doFilter(ApplicationFilterChain.java:166)
	at org.apache.catalina.core.StandardWrapperValve.invoke(StandardWrapperValve.java:198)
	at org.apache.catalina.core.StandardContextValve.invoke(StandardContextValve.java:96)
	at org.apache.catalina.authenticator.AuthenticatorBase.invoke(AuthenticatorBase.java:493)
	at org.apache.catalina.core.StandardHostValve.invoke(StandardHostValve.java:140)
	at org.apache.catalina.valves.ErrorReportValve.invoke(ErrorReportValve.java:81)
	at mod_cfml.core.invoke(core.java:152)
	at org.apache.catalina.valves.AbstractAccessLogValve.invoke(AbstractAccessLogValve.java:650)
	at org.apache.catalina.core.StandardEngineValve.invoke(StandardEngineValve.java:87)
	at org.apache.catalina.connector.CoyoteAdapter.service(CoyoteAdapter.java:342)
	at org.apache.coyote.http11.Http11Processor.service(Http11Processor.java:800)
	at org.apache.coyote.AbstractProcessorLight.process(AbstractProcessorLight.java:66)
	at org.apache.coyote.AbstractProtocol$ConnectionHandler.process(AbstractProtocol.java:806)
	at org.apache.tomcat.util.net.NioEndpoint$SocketProcessor.doRun(NioEndpoint.java:1498)
	at org.apache.tomcat.util.net.SocketProcessorBase.run(SocketProcessorBase.java:49)
	at java.util.concurrent.ThreadPoolExecutor.runWorker(ThreadPoolExecutor.java:1149)
	at java.util.concurrent.ThreadPoolExecutor$Worker.run(ThreadPoolExecutor.java:624)
	at org.apache.tomcat.util.threads.TaskThread$WrappingRunnable.run(TaskThread.java:61)
	at java.lang.Thread.run(Thread.java:748)
"
"ERROR","http-nio-8888-exec-9","03/22/2019","14:40:20","",";columns and types has not the same count;lucee.runtime.exp.DatabaseException: columns and types has not the same count
	at lucee.runtime.type.QueryImpl.<init>(QueryImpl.java:685)
	at lucee.runtime.functions.query.QueryNew.call(QueryNew.java:74)
	at components.tzscan_cfc$cf.udfCall(/components/tzscan.cfc:265)
	at lucee.runtime.type.UDFImpl.implementation(UDFImpl.java:107)
	at lucee.runtime.type.UDFImpl._call(UDFImpl.java:357)
	at lucee.runtime.type.UDFImpl.callWithNamedValues(UDFImpl.java:212)
	at lucee.runtime.ComponentImpl._call(ComponentImpl.java:695)
	at lucee.runtime.ComponentImpl._call(ComponentImpl.java:573)
	at lucee.runtime.ComponentImpl.callWithNamedValues(ComponentImpl.java:2010)
	at lucee.runtime.tag.Invoke.doComponent(Invoke.java:221)
	at lucee.runtime.tag.Invoke.doEndTag(Invoke.java:194)
	at test_cfm$cf.call(/test.cfm:2)
	at lucee.runtime.PageContextImpl._doInclude(PageContextImpl.java:933)
	at lucee.runtime.PageContextImpl._doInclude(PageContextImpl.java:823)
	at lucee.runtime.listener.ModernAppListener._onRequest(ModernAppListener.java:218)
	at lucee.runtime.listener.MixedAppListener.onRequest(MixedAppListener.java:43)
	at lucee.runtime.PageContextImpl.execute(PageContextImpl.java:2464)
	at lucee.runtime.PageContextImpl._execute(PageContextImpl.java:2454)
	at lucee.runtime.PageContextImpl.executeCFML(PageContextImpl.java:2427)
	at lucee.runtime.engine.Request.exe(Request.java:44)
	at lucee.runtime.engine.CFMLEngineImpl._service(CFMLEngineImpl.java:1090)
	at lucee.runtime.engine.CFMLEngineImpl.serviceCFML(CFMLEngineImpl.java:1038)
	at lucee.loader.engine.CFMLEngineWrapper.serviceCFML(CFMLEngineWrapper.java:102)
	at lucee.loader.servlet.CFMLServlet.service(CFMLServlet.java:51)
	at javax.servlet.http.HttpServlet.service(HttpServlet.java:742)
	at org.apache.catalina.core.ApplicationFilterChain.internalDoFilter(ApplicationFilterChain.java:231)
	at org.apache.catalina.core.ApplicationFilterChain.doFilter(ApplicationFilterChain.java:166)
	at org.apache.tomcat.websocket.server.WsFilter.doFilter(WsFilter.java:52)
	at org.apache.catalina.core.ApplicationFilterChain.internalDoFilter(ApplicationFilterChain.java:193)
	at org.apache.catalina.core.ApplicationFilterChain.doFilter(ApplicationFilterChain.java:166)
	at org.apache.catalina.core.StandardWrapperValve.invoke(StandardWrapperValve.java:198)
	at org.apache.catalina.core.StandardContextValve.invoke(StandardContextValve.java:96)
	at org.apache.catalina.authenticator.AuthenticatorBase.invoke(AuthenticatorBase.java:493)
	at org.apache.catalina.core.StandardHostValve.invoke(StandardHostValve.java:140)
	at org.apache.catalina.valves.ErrorReportValve.invoke(ErrorReportValve.java:81)
	at mod_cfml.core.invoke(core.java:152)
	at org.apache.catalina.valves.AbstractAccessLogValve.invoke(AbstractAccessLogValve.java:650)
	at org.apache.catalina.core.StandardEngineValve.invoke(StandardEngineValve.java:87)
	at org.apache.catalina.connector.CoyoteAdapter.service(CoyoteAdapter.java:342)
	at org.apache.coyote.http11.Http11Processor.service(Http11Processor.java:800)
	at org.apache.coyote.AbstractProcessorLight.process(AbstractProcessorLight.java:66)
	at org.apache.coyote.AbstractProtocol$ConnectionHandler.process(AbstractProtocol.java:806)
	at org.apache.tomcat.util.net.NioEndpoint$SocketProcessor.doRun(NioEndpoint.java:1498)
	at org.apache.tomcat.util.net.SocketProcessorBase.run(SocketProcessorBase.java:49)
	at java.util.concurrent.ThreadPoolExecutor.runWorker(ThreadPoolExecutor.java:1149)
	at java.util.concurrent.ThreadPoolExecutor$Worker.run(ThreadPoolExecutor.java:624)
	at org.apache.tomcat.util.threads.TaskThread$WrappingRunnable.run(TaskThread.java:61)
	at java.lang.Thread.run(Thread.java:748)
"
"INFO","http-nio-8888-exec-1","03/22/2019","14:42:15","OSGi","add bundle:/opt/lucee/tomcat/lucee-server/bundles/org.h2-1.3.172.jar"
"INFO","http-nio-8888-exec-1","03/22/2019","14:42:15","OSGi","start bundle:org.h2:1.3.172"
"ERROR","http-nio-8888-exec-1","03/22/2019","14:44:27","",";variable [fetchedDelegators] doesn't exist;lucee.runtime.exp.ExpressionException: variable [fetchedDelegators] doesn't exist
	at lucee.runtime.type.scope.UndefinedImpl.getCollection(UndefinedImpl.java:446)
	at components.tzscan_cfc$cf.udfCall(/components/tzscan.cfc:294)
	at lucee.runtime.type.UDFImpl.implementation(UDFImpl.java:107)
	at lucee.runtime.type.UDFImpl._call(UDFImpl.java:357)
	at lucee.runtime.type.UDFImpl.callWithNamedValues(UDFImpl.java:212)
	at lucee.runtime.ComponentImpl._call(ComponentImpl.java:695)
	at lucee.runtime.ComponentImpl._call(ComponentImpl.java:573)
	at lucee.runtime.ComponentImpl.callWithNamedValues(ComponentImpl.java:2010)
	at lucee.runtime.tag.Invoke.doComponent(Invoke.java:221)
	at lucee.runtime.tag.Invoke.doEndTag(Invoke.java:194)
	at test_cfm$cf.call(/test.cfm:2)
	at lucee.runtime.PageContextImpl._doInclude(PageContextImpl.java:933)
	at lucee.runtime.PageContextImpl._doInclude(PageContextImpl.java:823)
	at lucee.runtime.listener.ModernAppListener._onRequest(ModernAppListener.java:218)
	at lucee.runtime.listener.MixedAppListener.onRequest(MixedAppListener.java:43)
	at lucee.runtime.PageContextImpl.execute(PageContextImpl.java:2464)
	at lucee.runtime.PageContextImpl._execute(PageContextImpl.java:2454)
	at lucee.runtime.PageContextImpl.executeCFML(PageContextImpl.java:2427)
	at lucee.runtime.engine.Request.exe(Request.java:44)
	at lucee.runtime.engine.CFMLEngineImpl._service(CFMLEngineImpl.java:1090)
	at lucee.runtime.engine.CFMLEngineImpl.serviceCFML(CFMLEngineImpl.java:1038)
	at lucee.loader.engine.CFMLEngineWrapper.serviceCFML(CFMLEngineWrapper.java:102)
	at lucee.loader.servlet.CFMLServlet.service(CFMLServlet.java:51)
	at javax.servlet.http.HttpServlet.service(HttpServlet.java:742)
	at org.apache.catalina.core.ApplicationFilterChain.internalDoFilter(ApplicationFilterChain.java:231)
	at org.apache.catalina.core.ApplicationFilterChain.doFilter(ApplicationFilterChain.java:166)
	at org.apache.tomcat.websocket.server.WsFilter.doFilter(WsFilter.java:52)
	at org.apache.catalina.core.ApplicationFilterChain.internalDoFilter(ApplicationFilterChain.java:193)
	at org.apache.catalina.core.ApplicationFilterChain.doFilter(ApplicationFilterChain.java:166)
	at org.apache.catalina.core.StandardWrapperValve.invoke(StandardWrapperValve.java:198)
	at org.apache.catalina.core.StandardContextValve.invoke(StandardContextValve.java:96)
	at org.apache.catalina.authenticator.AuthenticatorBase.invoke(AuthenticatorBase.java:493)
	at org.apache.catalina.core.StandardHostValve.invoke(StandardHostValve.java:140)
	at org.apache.catalina.valves.ErrorReportValve.invoke(ErrorReportValve.java:81)
	at mod_cfml.core.invoke(core.java:152)
	at org.apache.catalina.valves.AbstractAccessLogValve.invoke(AbstractAccessLogValve.java:650)
	at org.apache.catalina.core.StandardEngineValve.invoke(StandardEngineValve.java:87)
	at org.apache.catalina.connector.CoyoteAdapter.service(CoyoteAdapter.java:342)
	at org.apache.coyote.http11.Http11Processor.service(Http11Processor.java:800)
	at org.apache.coyote.AbstractProcessorLight.process(AbstractProcessorLight.java:66)
	at org.apache.coyote.AbstractProtocol$ConnectionHandler.process(AbstractProtocol.java:806)
	at org.apache.tomcat.util.net.NioEndpoint$SocketProcessor.doRun(NioEndpoint.java:1498)
	at org.apache.tomcat.util.net.SocketProcessorBase.run(SocketProcessorBase.java:49)
	at java.util.concurrent.ThreadPoolExecutor.runWorker(ThreadPoolExecutor.java:1149)
	at java.util.concurrent.ThreadPoolExecutor$Worker.run(ThreadPoolExecutor.java:624)
	at org.apache.tomcat.util.threads.TaskThread$WrappingRunnable.run(TaskThread.java:61)
	at java.lang.Thread.run(Thread.java:748)
"
"INFO","http-nio-8888-exec-1","03/22/2019","14:48:33","OSGi","add bundle:/opt/lucee/tomcat/lucee-server/bundles/org.h2-1.3.172.jar"
"INFO","http-nio-8888-exec-1","03/22/2019","14:48:33","OSGi","start bundle:org.h2:1.3.172"
"INFO","http-nio-8888-exec-1","03/22/2019","14:48:34","OSGi","add bundle:/opt/lucee/tomcat/lucee-server/bundles/form.extension-1.0.0.9.jar"
"INFO","http-nio-8888-exec-1","03/22/2019","14:48:34","OSGi","start bundle:form.extension:1.0.0.9"
"INFO","http-nio-8888-exec-7","03/22/2019","14:48:54","Instrumentation","not found [lucee.runtime.instrumentation.ExternalAgent] in ClassLoader [sun.misc.Launcher$AppClassLoader@70dea4e]"
"INFO","http-nio-8888-exec-7","03/22/2019","14:48:54","Instrumentation","not found [lucee.runtime.instrumentation.ExternalAgent] in ClassLoader [java.net.URLClassLoader@77459877]"
"INFO","http-nio-8888-exec-7","03/22/2019","14:48:54","Instrumentation","not found [lucee.runtime.instrumentation.ExternalAgent] in ClassLoader [lucee.commons.io.res.util.ResourceClassLoader@2e8e1034]"
"INFO","http-nio-8888-exec-7","03/22/2019","14:48:54","Instrumentation","looking for tools.jar"
"INFO","http-nio-8888-exec-7","03/22/2019","14:48:54","Instrumentation","couldn't find tools.jar at: /opt/lucee/jdk/jre/jre/lib/tools.jar"
"INFO","http-nio-8888-exec-7","03/22/2019","14:48:54","Instrumentation","tools.jar used:/opt/lucee/jdk/jre/lib/tools.jar"
"INFO","http-nio-8888-exec-7","03/22/2019","14:48:54","Instrumentation","loaded VirtualMachine class:com.sun.tools.attach.VirtualMachine"
"INFO","http-nio-8888-exec-7","03/22/2019","14:48:54","Instrumentation","try to load agent (path:/opt/lucee/tomcat/lucee-server/context/lucee-external-agent.jar)"
"INFO","http-nio-8888-exec-7","03/22/2019","14:48:54","Instrumentation","pid:3839"
"INFO","http-nio-8888-exec-7","03/22/2019","14:48:54","Instrumentation","found [lucee.runtime.instrumentation.ExternalAgent] in ClassLoader [sun.misc.Launcher$AppClassLoader@70dea4e]"
"INFO","http-nio-8888-exec-7","03/22/2019","14:48:54","Instrumentation","ExternalAgent does contain a Instrumentation instance"
"ERROR","http-nio-8888-exec-7","03/22/2019","14:51:06","",";variable [fetchedDelegators] doesn't exist;lucee.runtime.exp.ExpressionException: variable [fetchedDelegators] doesn't exist
	at lucee.runtime.type.scope.UndefinedImpl.getCollection(UndefinedImpl.java:446)
	at components.tzscan_cfc$cf.udfCall(/components/tzscan.cfc:294)
	at lucee.runtime.type.UDFImpl.implementation(UDFImpl.java:107)
	at lucee.runtime.type.UDFImpl._call(UDFImpl.java:357)
	at lucee.runtime.type.UDFImpl.callWithNamedValues(UDFImpl.java:212)
	at lucee.runtime.ComponentImpl._call(ComponentImpl.java:695)
	at lucee.runtime.ComponentImpl._call(ComponentImpl.java:573)
	at lucee.runtime.ComponentImpl.callWithNamedValues(ComponentImpl.java:2010)
	at lucee.runtime.tag.Invoke.doComponent(Invoke.java:221)
	at lucee.runtime.tag.Invoke.doEndTag(Invoke.java:194)
	at test_cfm$cf.call(/test.cfm:2)
	at lucee.runtime.PageContextImpl._doInclude(PageContextImpl.java:933)
	at lucee.runtime.PageContextImpl._doInclude(PageContextImpl.java:823)
	at lucee.runtime.listener.ModernAppListener._onRequest(ModernAppListener.java:218)
	at lucee.runtime.listener.MixedAppListener.onRequest(MixedAppListener.java:43)
	at lucee.runtime.PageContextImpl.execute(PageContextImpl.java:2464)
	at lucee.runtime.PageContextImpl._execute(PageContextImpl.java:2454)
	at lucee.runtime.PageContextImpl.executeCFML(PageContextImpl.java:2427)
	at lucee.runtime.engine.Request.exe(Request.java:44)
	at lucee.runtime.engine.CFMLEngineImpl._service(CFMLEngineImpl.java:1090)
	at lucee.runtime.engine.CFMLEngineImpl.serviceCFML(CFMLEngineImpl.java:1038)
	at lucee.loader.engine.CFMLEngineWrapper.serviceCFML(CFMLEngineWrapper.java:102)
	at lucee.loader.servlet.CFMLServlet.service(CFMLServlet.java:51)
	at javax.servlet.http.HttpServlet.service(HttpServlet.java:742)
	at org.apache.catalina.core.ApplicationFilterChain.internalDoFilter(ApplicationFilterChain.java:231)
	at org.apache.catalina.core.ApplicationFilterChain.doFilter(ApplicationFilterChain.java:166)
	at org.apache.tomcat.websocket.server.WsFilter.doFilter(WsFilter.java:52)
	at org.apache.catalina.core.ApplicationFilterChain.internalDoFilter(ApplicationFilterChain.java:193)
	at org.apache.catalina.core.ApplicationFilterChain.doFilter(ApplicationFilterChain.java:166)
	at org.apache.catalina.core.StandardWrapperValve.invoke(StandardWrapperValve.java:198)
	at org.apache.catalina.core.StandardContextValve.invoke(StandardContextValve.java:96)
	at org.apache.catalina.authenticator.AuthenticatorBase.invoke(AuthenticatorBase.java:493)
	at org.apache.catalina.core.StandardHostValve.invoke(StandardHostValve.java:140)
	at org.apache.catalina.valves.ErrorReportValve.invoke(ErrorReportValve.java:81)
	at mod_cfml.core.invoke(core.java:152)
	at org.apache.catalina.valves.AbstractAccessLogValve.invoke(AbstractAccessLogValve.java:650)
	at org.apache.catalina.core.StandardEngineValve.invoke(StandardEngineValve.java:87)
	at org.apache.catalina.connector.CoyoteAdapter.service(CoyoteAdapter.java:342)
	at org.apache.coyote.http11.Http11Processor.service(Http11Processor.java:800)
	at org.apache.coyote.AbstractProcessorLight.process(AbstractProcessorLight.java:66)
	at org.apache.coyote.AbstractProtocol$ConnectionHandler.process(AbstractProtocol.java:806)
	at org.apache.tomcat.util.net.NioEndpoint$SocketProcessor.doRun(NioEndpoint.java:1498)
	at org.apache.tomcat.util.net.SocketProcessorBase.run(SocketProcessorBase.java:49)
	at java.util.concurrent.ThreadPoolExecutor.runWorker(ThreadPoolExecutor.java:1149)
	at java.util.concurrent.ThreadPoolExecutor$Worker.run(ThreadPoolExecutor.java:624)
	at org.apache.tomcat.util.threads.TaskThread$WrappingRunnable.run(TaskThread.java:61)
	at java.lang.Thread.run(Thread.java:748)
"
"ERROR","http-nio-8888-exec-1","03/22/2019","14:52:57","",";variable [fetchedDelegators] doesn't exist;lucee.runtime.exp.ExpressionException: variable [fetchedDelegators] doesn't exist
	at lucee.runtime.type.scope.UndefinedImpl.getCollection(UndefinedImpl.java:446)
	at components.tzscan_cfc$cf.udfCall(/components/tzscan.cfc:296)
	at lucee.runtime.type.UDFImpl.implementation(UDFImpl.java:107)
	at lucee.runtime.type.UDFImpl._call(UDFImpl.java:357)
	at lucee.runtime.type.UDFImpl.callWithNamedValues(UDFImpl.java:212)
	at lucee.runtime.ComponentImpl._call(ComponentImpl.java:695)
	at lucee.runtime.ComponentImpl._call(ComponentImpl.java:573)
	at lucee.runtime.ComponentImpl.callWithNamedValues(ComponentImpl.java:2010)
	at lucee.runtime.tag.Invoke.doComponent(Invoke.java:221)
	at lucee.runtime.tag.Invoke.doEndTag(Invoke.java:194)
	at test_cfm$cf.call(/test.cfm:2)
	at lucee.runtime.PageContextImpl._doInclude(PageContextImpl.java:933)
	at lucee.runtime.PageContextImpl._doInclude(PageContextImpl.java:823)
	at lucee.runtime.listener.ModernAppListener._onRequest(ModernAppListener.java:218)
	at lucee.runtime.listener.MixedAppListener.onRequest(MixedAppListener.java:43)
	at lucee.runtime.PageContextImpl.execute(PageContextImpl.java:2464)
	at lucee.runtime.PageContextImpl._execute(PageContextImpl.java:2454)
	at lucee.runtime.PageContextImpl.executeCFML(PageContextImpl.java:2427)
	at lucee.runtime.engine.Request.exe(Request.java:44)
	at lucee.runtime.engine.CFMLEngineImpl._service(CFMLEngineImpl.java:1090)
	at lucee.runtime.engine.CFMLEngineImpl.serviceCFML(CFMLEngineImpl.java:1038)
	at lucee.loader.engine.CFMLEngineWrapper.serviceCFML(CFMLEngineWrapper.java:102)
	at lucee.loader.servlet.CFMLServlet.service(CFMLServlet.java:51)
	at javax.servlet.http.HttpServlet.service(HttpServlet.java:742)
	at org.apache.catalina.core.ApplicationFilterChain.internalDoFilter(ApplicationFilterChain.java:231)
	at org.apache.catalina.core.ApplicationFilterChain.doFilter(ApplicationFilterChain.java:166)
	at org.apache.tomcat.websocket.server.WsFilter.doFilter(WsFilter.java:52)
	at org.apache.catalina.core.ApplicationFilterChain.internalDoFilter(ApplicationFilterChain.java:193)
	at org.apache.catalina.core.ApplicationFilterChain.doFilter(ApplicationFilterChain.java:166)
	at org.apache.catalina.core.StandardWrapperValve.invoke(StandardWrapperValve.java:198)
	at org.apache.catalina.core.StandardContextValve.invoke(StandardContextValve.java:96)
	at org.apache.catalina.authenticator.AuthenticatorBase.invoke(AuthenticatorBase.java:493)
	at org.apache.catalina.core.StandardHostValve.invoke(StandardHostValve.java:140)
	at org.apache.catalina.valves.ErrorReportValve.invoke(ErrorReportValve.java:81)
	at mod_cfml.core.invoke(core.java:152)
	at org.apache.catalina.valves.AbstractAccessLogValve.invoke(AbstractAccessLogValve.java:650)
	at org.apache.catalina.core.StandardEngineValve.invoke(StandardEngineValve.java:87)
	at org.apache.catalina.connector.CoyoteAdapter.service(CoyoteAdapter.java:342)
	at org.apache.coyote.http11.Http11Processor.service(Http11Processor.java:800)
	at org.apache.coyote.AbstractProcessorLight.process(AbstractProcessorLight.java:66)
	at org.apache.coyote.AbstractProtocol$ConnectionHandler.process(AbstractProtocol.java:806)
	at org.apache.tomcat.util.net.NioEndpoint$SocketProcessor.doRun(NioEndpoint.java:1498)
	at org.apache.tomcat.util.net.SocketProcessorBase.run(SocketProcessorBase.java:49)
	at java.util.concurrent.ThreadPoolExecutor.runWorker(ThreadPoolExecutor.java:1149)
	at java.util.concurrent.ThreadPoolExecutor$Worker.run(ThreadPoolExecutor.java:624)
	at org.apache.tomcat.util.threads.TaskThread$WrappingRunnable.run(TaskThread.java:61)
	at java.lang.Thread.run(Thread.java:748)
"
"ERROR","http-nio-8888-exec-7","03/22/2019","14:54:17","",";Invalid array index [0], arrays start with index [1];lucee.runtime.exp.ExpressionException: Invalid array index [0], arrays start with index [1]
	at lucee.runtime.type.wrap.ListAsArray.getE(ListAsArray.java:110)
	at lucee.runtime.type.wrap.ListAsArray.get(ListAsArray.java:284)
	at lucee.runtime.type.wrap.ListAsArray.get(ListAsArray.java:289)
	at lucee.runtime.type.util.ArraySupport.get(ArraySupport.java:326)
	at lucee.runtime.util.VariableUtilImpl.get(VariableUtilImpl.java:263)
	at lucee.runtime.util.VariableUtilImpl.getCollection(VariableUtilImpl.java:257)
	at lucee.runtime.PageContextImpl.getCollection(PageContextImpl.java:1496)
	at components.tzscan_cfc$cf.udfCall(/components/tzscan.cfc:300)
	at lucee.runtime.type.UDFImpl.implementation(UDFImpl.java:107)
	at lucee.runtime.type.UDFImpl._call(UDFImpl.java:357)
	at lucee.runtime.type.UDFImpl.callWithNamedValues(UDFImpl.java:212)
	at lucee.runtime.ComponentImpl._call(ComponentImpl.java:695)
	at lucee.runtime.ComponentImpl._call(ComponentImpl.java:573)
	at lucee.runtime.ComponentImpl.callWithNamedValues(ComponentImpl.java:2010)
	at lucee.runtime.tag.Invoke.doComponent(Invoke.java:221)
	at lucee.runtime.tag.Invoke.doEndTag(Invoke.java:194)
	at test_cfm$cf.call(/test.cfm:2)
	at lucee.runtime.PageContextImpl._doInclude(PageContextImpl.java:933)
	at lucee.runtime.PageContextImpl._doInclude(PageContextImpl.java:823)
	at lucee.runtime.listener.ModernAppListener._onRequest(ModernAppListener.java:218)
	at lucee.runtime.listener.MixedAppListener.onRequest(MixedAppListener.java:43)
	at lucee.runtime.PageContextImpl.execute(PageContextImpl.java:2464)
	at lucee.runtime.PageContextImpl._execute(PageContextImpl.java:2454)
	at lucee.runtime.PageContextImpl.executeCFML(PageContextImpl.java:2427)
	at lucee.runtime.engine.Request.exe(Request.java:44)
	at lucee.runtime.engine.CFMLEngineImpl._service(CFMLEngineImpl.java:1090)
	at lucee.runtime.engine.CFMLEngineImpl.serviceCFML(CFMLEngineImpl.java:1038)
	at lucee.loader.engine.CFMLEngineWrapper.serviceCFML(CFMLEngineWrapper.java:102)
	at lucee.loader.servlet.CFMLServlet.service(CFMLServlet.java:51)
	at javax.servlet.http.HttpServlet.service(HttpServlet.java:742)
	at org.apache.catalina.core.ApplicationFilterChain.internalDoFilter(ApplicationFilterChain.java:231)
	at org.apache.catalina.core.ApplicationFilterChain.doFilter(ApplicationFilterChain.java:166)
	at org.apache.tomcat.websocket.server.WsFilter.doFilter(WsFilter.java:52)
	at org.apache.catalina.core.ApplicationFilterChain.internalDoFilter(ApplicationFilterChain.java:193)
	at org.apache.catalina.core.ApplicationFilterChain.doFilter(ApplicationFilterChain.java:166)
	at org.apache.catalina.core.StandardWrapperValve.invoke(StandardWrapperValve.java:198)
	at org.apache.catalina.core.StandardContextValve.invoke(StandardContextValve.java:96)
	at org.apache.catalina.authenticator.AuthenticatorBase.invoke(AuthenticatorBase.java:493)
	at org.apache.catalina.core.StandardHostValve.invoke(StandardHostValve.java:140)
	at org.apache.catalina.valves.ErrorReportValve.invoke(ErrorReportValve.java:81)
	at mod_cfml.core.invoke(core.java:152)
	at org.apache.catalina.valves.AbstractAccessLogValve.invoke(AbstractAccessLogValve.java:650)
	at org.apache.catalina.core.StandardEngineValve.invoke(StandardEngineValve.java:87)
	at org.apache.catalina.connector.CoyoteAdapter.service(CoyoteAdapter.java:342)
	at org.apache.coyote.http11.Http11Processor.service(Http11Processor.java:800)
	at org.apache.coyote.AbstractProcessorLight.process(AbstractProcessorLight.java:66)
	at org.apache.coyote.AbstractProtocol$ConnectionHandler.process(AbstractProtocol.java:806)
	at org.apache.tomcat.util.net.NioEndpoint$SocketProcessor.doRun(NioEndpoint.java:1498)
	at org.apache.tomcat.util.net.SocketProcessorBase.run(SocketProcessorBase.java:49)
	at java.util.concurrent.ThreadPoolExecutor.runWorker(ThreadPoolExecutor.java:1149)
	at java.util.concurrent.ThreadPoolExecutor$Worker.run(ThreadPoolExecutor.java:624)
	at org.apache.tomcat.util.threads.TaskThread$WrappingRunnable.run(TaskThread.java:61)
	at java.lang.Thread.run(Thread.java:748)
"
"ERROR","http-nio-8888-exec-10","03/22/2019","14:54:49","",";Invalid array index [0], arrays start with index [1];lucee.runtime.exp.ExpressionException: Invalid array index [0], arrays start with index [1]
	at lucee.runtime.type.wrap.ListAsArray.getE(ListAsArray.java:110)
	at lucee.runtime.type.wrap.ListAsArray.get(ListAsArray.java:284)
	at lucee.runtime.type.wrap.ListAsArray.get(ListAsArray.java:289)
	at lucee.runtime.type.util.ArraySupport.get(ArraySupport.java:326)
	at lucee.runtime.util.VariableUtilImpl.get(VariableUtilImpl.java:263)
	at lucee.runtime.util.VariableUtilImpl.getCollection(VariableUtilImpl.java:257)
	at lucee.runtime.PageContextImpl.getCollection(PageContextImpl.java:1496)
	at components.tzscan_cfc$cf.udfCall(/components/tzscan.cfc:300)
	at lucee.runtime.type.UDFImpl.implementation(UDFImpl.java:107)
	at lucee.runtime.type.UDFImpl._call(UDFImpl.java:357)
	at lucee.runtime.type.UDFImpl.callWithNamedValues(UDFImpl.java:212)
	at lucee.runtime.ComponentImpl._call(ComponentImpl.java:695)
	at lucee.runtime.ComponentImpl._call(ComponentImpl.java:573)
	at lucee.runtime.ComponentImpl.callWithNamedValues(ComponentImpl.java:2010)
	at lucee.runtime.tag.Invoke.doComponent(Invoke.java:221)
	at lucee.runtime.tag.Invoke.doEndTag(Invoke.java:194)
	at test_cfm$cf.call(/test.cfm:2)
	at lucee.runtime.PageContextImpl._doInclude(PageContextImpl.java:933)
	at lucee.runtime.PageContextImpl._doInclude(PageContextImpl.java:823)
	at lucee.runtime.listener.ModernAppListener._onRequest(ModernAppListener.java:218)
	at lucee.runtime.listener.MixedAppListener.onRequest(MixedAppListener.java:43)
	at lucee.runtime.PageContextImpl.execute(PageContextImpl.java:2464)
	at lucee.runtime.PageContextImpl._execute(PageContextImpl.java:2454)
	at lucee.runtime.PageContextImpl.executeCFML(PageContextImpl.java:2427)
	at lucee.runtime.engine.Request.exe(Request.java:44)
	at lucee.runtime.engine.CFMLEngineImpl._service(CFMLEngineImpl.java:1090)
	at lucee.runtime.engine.CFMLEngineImpl.serviceCFML(CFMLEngineImpl.java:1038)
	at lucee.loader.engine.CFMLEngineWrapper.serviceCFML(CFMLEngineWrapper.java:102)
	at lucee.loader.servlet.CFMLServlet.service(CFMLServlet.java:51)
	at javax.servlet.http.HttpServlet.service(HttpServlet.java:742)
	at org.apache.catalina.core.ApplicationFilterChain.internalDoFilter(ApplicationFilterChain.java:231)
	at org.apache.catalina.core.ApplicationFilterChain.doFilter(ApplicationFilterChain.java:166)
	at org.apache.tomcat.websocket.server.WsFilter.doFilter(WsFilter.java:52)
	at org.apache.catalina.core.ApplicationFilterChain.internalDoFilter(ApplicationFilterChain.java:193)
	at org.apache.catalina.core.ApplicationFilterChain.doFilter(ApplicationFilterChain.java:166)
	at org.apache.catalina.core.StandardWrapperValve.invoke(StandardWrapperValve.java:198)
	at org.apache.catalina.core.StandardContextValve.invoke(StandardContextValve.java:96)
	at org.apache.catalina.authenticator.AuthenticatorBase.invoke(AuthenticatorBase.java:493)
	at org.apache.catalina.core.StandardHostValve.invoke(StandardHostValve.java:140)
	at org.apache.catalina.valves.ErrorReportValve.invoke(ErrorReportValve.java:81)
	at mod_cfml.core.invoke(core.java:152)
	at org.apache.catalina.valves.AbstractAccessLogValve.invoke(AbstractAccessLogValve.java:650)
	at org.apache.catalina.core.StandardEngineValve.invoke(StandardEngineValve.java:87)
	at org.apache.catalina.connector.CoyoteAdapter.service(CoyoteAdapter.java:342)
	at org.apache.coyote.http11.Http11Processor.service(Http11Processor.java:800)
	at org.apache.coyote.AbstractProcessorLight.process(AbstractProcessorLight.java:66)
	at org.apache.coyote.AbstractProtocol$ConnectionHandler.process(AbstractProtocol.java:806)
	at org.apache.tomcat.util.net.NioEndpoint$SocketProcessor.doRun(NioEndpoint.java:1498)
	at org.apache.tomcat.util.net.SocketProcessorBase.run(SocketProcessorBase.java:49)
	at java.util.concurrent.ThreadPoolExecutor.runWorker(ThreadPoolExecutor.java:1149)
	at java.util.concurrent.ThreadPoolExecutor$Worker.run(ThreadPoolExecutor.java:624)
	at org.apache.tomcat.util.threads.TaskThread$WrappingRunnable.run(TaskThread.java:61)
	at java.lang.Thread.run(Thread.java:748)
"
"ERROR","http-nio-8888-exec-2","03/22/2019","14:55:16","",";Array index [8] out of range, array size is [7];lucee.runtime.exp.ExpressionException: Array index [8] out of range, array size is [7]
	at lucee.runtime.type.wrap.ListAsArray.getE(ListAsArray.java:111)
	at lucee.runtime.type.wrap.ListAsArray.get(ListAsArray.java:284)
	at lucee.runtime.type.wrap.ListAsArray.get(ListAsArray.java:289)
	at lucee.runtime.type.util.ArraySupport.get(ArraySupport.java:326)
	at lucee.runtime.util.VariableUtilImpl.get(VariableUtilImpl.java:263)
	at lucee.runtime.util.VariableUtilImpl.getCollection(VariableUtilImpl.java:257)
	at lucee.runtime.PageContextImpl.getCollection(PageContextImpl.java:1496)
	at components.tzscan_cfc$cf.udfCall(/components/tzscan.cfc:300)
	at lucee.runtime.type.UDFImpl.implementation(UDFImpl.java:107)
	at lucee.runtime.type.UDFImpl._call(UDFImpl.java:357)
	at lucee.runtime.type.UDFImpl.callWithNamedValues(UDFImpl.java:212)
	at lucee.runtime.ComponentImpl._call(ComponentImpl.java:695)
	at lucee.runtime.ComponentImpl._call(ComponentImpl.java:573)
	at lucee.runtime.ComponentImpl.callWithNamedValues(ComponentImpl.java:2010)
	at lucee.runtime.tag.Invoke.doComponent(Invoke.java:221)
	at lucee.runtime.tag.Invoke.doEndTag(Invoke.java:194)
	at test_cfm$cf.call(/test.cfm:2)
	at lucee.runtime.PageContextImpl._doInclude(PageContextImpl.java:933)
	at lucee.runtime.PageContextImpl._doInclude(PageContextImpl.java:823)
	at lucee.runtime.listener.ModernAppListener._onRequest(ModernAppListener.java:218)
	at lucee.runtime.listener.MixedAppListener.onRequest(MixedAppListener.java:43)
	at lucee.runtime.PageContextImpl.execute(PageContextImpl.java:2464)
	at lucee.runtime.PageContextImpl._execute(PageContextImpl.java:2454)
	at lucee.runtime.PageContextImpl.executeCFML(PageContextImpl.java:2427)
	at lucee.runtime.engine.Request.exe(Request.java:44)
	at lucee.runtime.engine.CFMLEngineImpl._service(CFMLEngineImpl.java:1090)
	at lucee.runtime.engine.CFMLEngineImpl.serviceCFML(CFMLEngineImpl.java:1038)
	at lucee.loader.engine.CFMLEngineWrapper.serviceCFML(CFMLEngineWrapper.java:102)
	at lucee.loader.servlet.CFMLServlet.service(CFMLServlet.java:51)
	at javax.servlet.http.HttpServlet.service(HttpServlet.java:742)
	at org.apache.catalina.core.ApplicationFilterChain.internalDoFilter(ApplicationFilterChain.java:231)
	at org.apache.catalina.core.ApplicationFilterChain.doFilter(ApplicationFilterChain.java:166)
	at org.apache.tomcat.websocket.server.WsFilter.doFilter(WsFilter.java:52)
	at org.apache.catalina.core.ApplicationFilterChain.internalDoFilter(ApplicationFilterChain.java:193)
	at org.apache.catalina.core.ApplicationFilterChain.doFilter(ApplicationFilterChain.java:166)
	at org.apache.catalina.core.StandardWrapperValve.invoke(StandardWrapperValve.java:198)
	at org.apache.catalina.core.StandardContextValve.invoke(StandardContextValve.java:96)
	at org.apache.catalina.authenticator.AuthenticatorBase.invoke(AuthenticatorBase.java:493)
	at org.apache.catalina.core.StandardHostValve.invoke(StandardHostValve.java:140)
	at org.apache.catalina.valves.ErrorReportValve.invoke(ErrorReportValve.java:81)
	at mod_cfml.core.invoke(core.java:152)
	at org.apache.catalina.valves.AbstractAccessLogValve.invoke(AbstractAccessLogValve.java:650)
	at org.apache.catalina.core.StandardEngineValve.invoke(StandardEngineValve.java:87)
	at org.apache.catalina.connector.CoyoteAdapter.service(CoyoteAdapter.java:342)
	at org.apache.coyote.http11.Http11Processor.service(Http11Processor.java:800)
	at org.apache.coyote.AbstractProcessorLight.process(AbstractProcessorLight.java:66)
	at org.apache.coyote.AbstractProtocol$ConnectionHandler.process(AbstractProtocol.java:806)
	at org.apache.tomcat.util.net.NioEndpoint$SocketProcessor.doRun(NioEndpoint.java:1498)
	at org.apache.tomcat.util.net.SocketProcessorBase.run(SocketProcessorBase.java:49)
	at java.util.concurrent.ThreadPoolExecutor.runWorker(ThreadPoolExecutor.java:1149)
	at java.util.concurrent.ThreadPoolExecutor$Worker.run(ThreadPoolExecutor.java:624)
	at org.apache.tomcat.util.threads.TaskThread$WrappingRunnable.run(TaskThread.java:61)
	at java.lang.Thread.run(Thread.java:748)
"
