"Severity","ThreadID","Date","Time","Application","Message"
"ERROR","http-nio-8888-exec-1","03/22/2019","14:25:33","","query tag;lucee.runtime.exp.DatabaseException
Column ""DATE"" must not be nullable; SQL statement:
CREATE TABLE payments
	(
           baker_id VARCHAR(50) NOT NULL,
           cycle    INTEGER NOT NULL,
           date     DATE,
           result   VARCHAR(20) NOT NULL,
           total    DECIMAL(20,2) NOT NULL
	);
        ALTER TABLE payments ADD PRIMARY KEY (baker_id, cycle, date, result); [90023-172];lucee.runtime.exp.DatabaseException: 
	at org.h2.message.DbException.getJdbcSQLException(DbException.java:329)
	at org.h2.message.DbException.get(DbException.java:169)
	at org.h2.message.DbException.get(DbException.java:146)
	at org.h2.table.RegularTable.addIndex(RegularTable.java:208)
	at org.h2.command.ddl.AlterTableAddConstraint.tryUpdate(AlterTableAddConstraint.java:131)
	at org.h2.command.ddl.AlterTableAddConstraint.update(AlterTableAddConstraint.java:70)
	at org.h2.command.CommandContainer.update(CommandContainer.java:79)
	at org.h2.command.CommandList.executeRemaining(CommandList.java:37)
	at org.h2.command.CommandList.update(CommandList.java:44)
	at org.h2.command.Command.executeUpdate(Command.java:235)
	at org.h2.jdbc.JdbcStatement.executeInternal(JdbcStatement.java:180)
	at org.h2.jdbc.JdbcStatement.execute(JdbcStatement.java:155)
	at lucee.runtime.type.util.QueryUtil.execute(QueryUtil.java:293)
	at lucee.runtime.type.QueryImpl.execute(QueryImpl.java:273)
	at lucee.runtime.type.QueryImpl.<init>(QueryImpl.java:226)
	at lucee.runtime.tag.Query.executeDatasoure(Query.java:951)
	at lucee.runtime.tag.Query.doEndTag(Query.java:700)
	at components.environment_cfc$cf.udfCall(/components/environment.cfc:50)
	at lucee.runtime.type.UDFImpl.implementation(UDFImpl.java:107)
	at lucee.runtime.type.UDFImpl._call(UDFImpl.java:357)
	at lucee.runtime.type.UDFImpl.callWithNamedValues(UDFImpl.java:212)
	at lucee.runtime.ComponentImpl._call(ComponentImpl.java:695)
	at lucee.runtime.ComponentImpl._call(ComponentImpl.java:573)
	at lucee.runtime.ComponentImpl.callWithNamedValues(ComponentImpl.java:2010)
	at lucee.runtime.tag.Invoke.doComponent(Invoke.java:221)
	at lucee.runtime.tag.Invoke.doEndTag(Invoke.java:194)
	at application_cfc$cf.udfCall(/application.cfc:77)
	at lucee.runtime.type.UDFImpl.implementation(UDFImpl.java:107)
	at lucee.runtime.type.UDFImpl._call(UDFImpl.java:357)
	at lucee.runtime.type.UDFImpl.call(UDFImpl.java:226)
	at lucee.runtime.ComponentImpl._call(ComponentImpl.java:693)
	at lucee.runtime.ComponentImpl._call(ComponentImpl.java:573)
	at lucee.runtime.ComponentImpl.call(ComponentImpl.java:1997)
	at lucee.runtime.listener.ModernAppListener.call(ModernAppListener.java:438)
	at lucee.runtime.listener.ModernAppListener.onApplicationStart(ModernAppListener.java:306)
	at lucee.runtime.PageContextImpl.initApplicationContext(PageContextImpl.java:3113)
	at lucee.runtime.listener.ModernAppListener._onRequest(ModernAppListener.java:118)
	at lucee.runtime.listener.MixedAppListener.onRequest(MixedAppListener.java:43)
	at lucee.runtime.PageContextImpl.execute(PageContextImpl.java:2464)
	at lucee.runtime.PageContextImpl._execute(PageContextImpl.java:2454)
	at lucee.runtime.PageContextImpl.executeCFML(PageContextImpl.java:2427)
	at lucee.runtime.engine.Request.exe(Request.java:44)
	at lucee.runtime.engine.CFMLEngineImpl._service(CFMLEngineImpl.java:1090)
	at lucee.runtime.engine.CFMLEngineImpl.serviceCFML(CFMLEngineImpl.java:1038)
	at lucee.loader.engine.CFMLEngineWrapper.serviceCFML(CFMLEngineWrapper.java:102)
	at lucee.loader.servlet.CFMLServlet.service(CFMLServlet.java:51)
	at javax.servlet.http.HttpServlet.service(HttpServlet.java:742)
	at org.apache.catalina.core.ApplicationFilterChain.internalDoFilter(ApplicationFilterChain.java:231)
	at org.apache.catalina.core.ApplicationFilterChain.doFilter(ApplicationFilterChain.java:166)
	at org.apache.tomcat.websocket.server.WsFilter.doFilter(WsFilter.java:52)
	at org.apache.catalina.core.ApplicationFilterChain.internalDoFilter(ApplicationFilterChain.java:193)
	at org.apache.catalina.core.ApplicationFilterChain.doFilter(ApplicationFilterChain.java:166)
	at org.apache.catalina.core.StandardWrapperValve.invoke(StandardWrapperValve.java:198)
	at org.apache.catalina.core.StandardContextValve.invoke(StandardContextValve.java:96)
	at org.apache.catalina.authenticator.AuthenticatorBase.invoke(AuthenticatorBase.java:493)
	at org.apache.catalina.core.StandardHostValve.invoke(StandardHostValve.java:140)
	at org.apache.catalina.valves.ErrorReportValve.invoke(ErrorReportValve.java:81)
	at mod_cfml.core.invoke(core.java:152)
	at org.apache.catalina.valves.AbstractAccessLogValve.invoke(AbstractAccessLogValve.java:650)
	at org.apache.catalina.core.StandardEngineValve.invoke(StandardEngineValve.java:87)
	at org.apache.catalina.connector.CoyoteAdapter.service(CoyoteAdapter.java:342)
	at org.apache.coyote.http11.Http11Processor.service(Http11Processor.java:800)
	at org.apache.coyote.AbstractProcessorLight.process(AbstractProcessorLight.java:66)
	at org.apache.coyote.AbstractProtocol$ConnectionHandler.process(AbstractProtocol.java:806)
	at org.apache.tomcat.util.net.NioEndpoint$SocketProcessor.doRun(NioEndpoint.java:1498)
	at org.apache.tomcat.util.net.SocketProcessorBase.run(SocketProcessorBase.java:49)
	at java.util.concurrent.ThreadPoolExecutor.runWorker(ThreadPoolExecutor.java:1149)
	at java.util.concurrent.ThreadPoolExecutor$Worker.run(ThreadPoolExecutor.java:624)
	at org.apache.tomcat.util.threads.TaskThread$WrappingRunnable.run(TaskThread.java:61)
	at java.lang.Thread.run(Thread.java:748)
"
"ERROR","http-nio-8888-exec-1","03/22/2019","14:25:33","","query tag;lucee.runtime.exp.DatabaseException
Column ""DATE"" must not be nullable; SQL statement:
CREATE TABLE delegatorsPayments
	(
           baker_id VARCHAR(50) NOT NULL,
           cycle    INTEGER NOT NULL,
           address  VARCHAR(50) NOT NULL,
           date     DATE,
           result   VARCHAR(20) NOT NULL,
           total    DECIMAL(20,2) NOT NULL
	);
        ALTER TABLE delegatorsPayments ADD PRIMARY KEY (baker_id, cycle, address, date, result); [90023-172];lucee.runtime.exp.DatabaseException: 
	at org.h2.message.DbException.getJdbcSQLException(DbException.java:329)
	at org.h2.message.DbException.get(DbException.java:169)
	at org.h2.message.DbException.get(DbException.java:146)
	at org.h2.table.RegularTable.addIndex(RegularTable.java:208)
	at org.h2.command.ddl.AlterTableAddConstraint.tryUpdate(AlterTableAddConstraint.java:131)
	at org.h2.command.ddl.AlterTableAddConstraint.update(AlterTableAddConstraint.java:70)
	at org.h2.command.CommandContainer.update(CommandContainer.java:79)
	at org.h2.command.CommandList.executeRemaining(CommandList.java:37)
	at org.h2.command.CommandList.update(CommandList.java:44)
	at org.h2.command.Command.executeUpdate(Command.java:235)
	at org.h2.jdbc.JdbcStatement.executeInternal(JdbcStatement.java:180)
	at org.h2.jdbc.JdbcStatement.execute(JdbcStatement.java:155)
	at lucee.runtime.type.util.QueryUtil.execute(QueryUtil.java:293)
	at lucee.runtime.type.QueryImpl.execute(QueryImpl.java:273)
	at lucee.runtime.type.QueryImpl.<init>(QueryImpl.java:226)
	at lucee.runtime.tag.Query.executeDatasoure(Query.java:951)
	at lucee.runtime.tag.Query.doEndTag(Query.java:700)
	at components.environment_cfc$cf.udfCall(/components/environment.cfc:69)
	at lucee.runtime.type.UDFImpl.implementation(UDFImpl.java:107)
	at lucee.runtime.type.UDFImpl._call(UDFImpl.java:357)
	at lucee.runtime.type.UDFImpl.callWithNamedValues(UDFImpl.java:212)
	at lucee.runtime.ComponentImpl._call(ComponentImpl.java:695)
	at lucee.runtime.ComponentImpl._call(ComponentImpl.java:573)
	at lucee.runtime.ComponentImpl.callWithNamedValues(ComponentImpl.java:2010)
	at lucee.runtime.tag.Invoke.doComponent(Invoke.java:221)
	at lucee.runtime.tag.Invoke.doEndTag(Invoke.java:194)
	at application_cfc$cf.udfCall(/application.cfc:77)
	at lucee.runtime.type.UDFImpl.implementation(UDFImpl.java:107)
	at lucee.runtime.type.UDFImpl._call(UDFImpl.java:357)
	at lucee.runtime.type.UDFImpl.call(UDFImpl.java:226)
	at lucee.runtime.ComponentImpl._call(ComponentImpl.java:693)
	at lucee.runtime.ComponentImpl._call(ComponentImpl.java:573)
	at lucee.runtime.ComponentImpl.call(ComponentImpl.java:1997)
	at lucee.runtime.listener.ModernAppListener.call(ModernAppListener.java:438)
	at lucee.runtime.listener.ModernAppListener.onApplicationStart(ModernAppListener.java:306)
	at lucee.runtime.PageContextImpl.initApplicationContext(PageContextImpl.java:3113)
	at lucee.runtime.listener.ModernAppListener._onRequest(ModernAppListener.java:118)
	at lucee.runtime.listener.MixedAppListener.onRequest(MixedAppListener.java:43)
	at lucee.runtime.PageContextImpl.execute(PageContextImpl.java:2464)
	at lucee.runtime.PageContextImpl._execute(PageContextImpl.java:2454)
	at lucee.runtime.PageContextImpl.executeCFML(PageContextImpl.java:2427)
	at lucee.runtime.engine.Request.exe(Request.java:44)
	at lucee.runtime.engine.CFMLEngineImpl._service(CFMLEngineImpl.java:1090)
	at lucee.runtime.engine.CFMLEngineImpl.serviceCFML(CFMLEngineImpl.java:1038)
	at lucee.loader.engine.CFMLEngineWrapper.serviceCFML(CFMLEngineWrapper.java:102)
	at lucee.loader.servlet.CFMLServlet.service(CFMLServlet.java:51)
	at javax.servlet.http.HttpServlet.service(HttpServlet.java:742)
	at org.apache.catalina.core.ApplicationFilterChain.internalDoFilter(ApplicationFilterChain.java:231)
	at org.apache.catalina.core.ApplicationFilterChain.doFilter(ApplicationFilterChain.java:166)
	at org.apache.tomcat.websocket.server.WsFilter.doFilter(WsFilter.java:52)
	at org.apache.catalina.core.ApplicationFilterChain.internalDoFilter(ApplicationFilterChain.java:193)
	at org.apache.catalina.core.ApplicationFilterChain.doFilter(ApplicationFilterChain.java:166)
	at org.apache.catalina.core.StandardWrapperValve.invoke(StandardWrapperValve.java:198)
	at org.apache.catalina.core.StandardContextValve.invoke(StandardContextValve.java:96)
	at org.apache.catalina.authenticator.AuthenticatorBase.invoke(AuthenticatorBase.java:493)
	at org.apache.catalina.core.StandardHostValve.invoke(StandardHostValve.java:140)
	at org.apache.catalina.valves.ErrorReportValve.invoke(ErrorReportValve.java:81)
	at mod_cfml.core.invoke(core.java:152)
	at org.apache.catalina.valves.AbstractAccessLogValve.invoke(AbstractAccessLogValve.java:650)
	at org.apache.catalina.core.StandardEngineValve.invoke(StandardEngineValve.java:87)
	at org.apache.catalina.connector.CoyoteAdapter.service(CoyoteAdapter.java:342)
	at org.apache.coyote.http11.Http11Processor.service(Http11Processor.java:800)
	at org.apache.coyote.AbstractProcessorLight.process(AbstractProcessorLight.java:66)
	at org.apache.coyote.AbstractProtocol$ConnectionHandler.process(AbstractProtocol.java:806)
	at org.apache.tomcat.util.net.NioEndpoint$SocketProcessor.doRun(NioEndpoint.java:1498)
	at org.apache.tomcat.util.net.SocketProcessorBase.run(SocketProcessorBase.java:49)
	at java.util.concurrent.ThreadPoolExecutor.runWorker(ThreadPoolExecutor.java:1149)
	at java.util.concurrent.ThreadPoolExecutor$Worker.run(ThreadPoolExecutor.java:624)
	at org.apache.tomcat.util.threads.TaskThread$WrappingRunnable.run(TaskThread.java:61)
	at java.lang.Thread.run(Thread.java:748)
"
"ERROR","http-nio-8888-exec-1","03/22/2019","14:42:15","","query tag;lucee.runtime.exp.DatabaseException
Table ""SETTINGS"" already exists; SQL statement:
CREATE TABLE settings
	(
           baker_id          VARCHAR(50) NOT NULL,
           default_fee       DECIMAL(6,2) NOT NULL,
           update_freq       INTEGER NOT NULL,
           user_name         VARCHAR(100),
           pass_hash         VARCHAR(150),
           application_port  INTEGER NOT NULL,
           client_path       VARCHAR(200) NOT NULL,
           node_alias        VARCHAR(100) NOT NULL,
           status            BOOLEAN,
           mode              VARCHAR(20),
           hash_salt         VARCHAR(150),
           base_dir          VARCHAR(200) NOT NULL,
           wallet_hash       VARCHAR(150),
           wallet_salt       VARCHAR(150),
           phrase            VARCHAR(150),
           app_phrase        VARCHAR(150),
           funds_origin      VARCHAR(20)
	);
        ALTER TABLE settings ADD PRIMARY KEY (baker_id); [42101-172];lucee.runtime.exp.DatabaseException: 
	at org.h2.message.DbException.getJdbcSQLException(DbException.java:329)
	at org.h2.message.DbException.get(DbException.java:169)
	at org.h2.message.DbException.get(DbException.java:146)
	at org.h2.command.ddl.CreateTable.update(CreateTable.java:109)
	at org.h2.command.CommandContainer.update(CommandContainer.java:79)
	at org.h2.command.Command.executeUpdate(Command.java:235)
	at org.h2.command.CommandList.update(CommandList.java:43)
	at org.h2.command.Command.executeUpdate(Command.java:235)
	at org.h2.jdbc.JdbcStatement.executeInternal(JdbcStatement.java:180)
	at org.h2.jdbc.JdbcStatement.execute(JdbcStatement.java:155)
	at lucee.runtime.type.util.QueryUtil.execute(QueryUtil.java:293)
	at lucee.runtime.type.QueryImpl.execute(QueryImpl.java:273)
	at lucee.runtime.type.QueryImpl.<init>(QueryImpl.java:226)
	at lucee.runtime.tag.Query.executeDatasoure(Query.java:951)
	at lucee.runtime.tag.Query.doEndTag(Query.java:700)
	at components.environment_cfc$cf.udfCall(/components/environment.cfc:32)
	at lucee.runtime.type.UDFImpl.implementation(UDFImpl.java:107)
	at lucee.runtime.type.UDFImpl._call(UDFImpl.java:357)
	at lucee.runtime.type.UDFImpl.callWithNamedValues(UDFImpl.java:212)
	at lucee.runtime.ComponentImpl._call(ComponentImpl.java:695)
	at lucee.runtime.ComponentImpl._call(ComponentImpl.java:573)
	at lucee.runtime.ComponentImpl.callWithNamedValues(ComponentImpl.java:2010)
	at lucee.runtime.tag.Invoke.doComponent(Invoke.java:221)
	at lucee.runtime.tag.Invoke.doEndTag(Invoke.java:194)
	at application_cfc$cf.udfCall(/application.cfc:77)
	at lucee.runtime.type.UDFImpl.implementation(UDFImpl.java:107)
	at lucee.runtime.type.UDFImpl._call(UDFImpl.java:357)
	at lucee.runtime.type.UDFImpl.call(UDFImpl.java:226)
	at lucee.runtime.ComponentImpl._call(ComponentImpl.java:693)
	at lucee.runtime.ComponentImpl._call(ComponentImpl.java:573)
	at lucee.runtime.ComponentImpl.call(ComponentImpl.java:1997)
	at lucee.runtime.listener.ModernAppListener.call(ModernAppListener.java:438)
	at lucee.runtime.listener.ModernAppListener.onApplicationStart(ModernAppListener.java:306)
	at lucee.runtime.PageContextImpl.initApplicationContext(PageContextImpl.java:3113)
	at lucee.runtime.listener.ModernAppListener._onRequest(ModernAppListener.java:118)
	at lucee.runtime.listener.MixedAppListener.onRequest(MixedAppListener.java:43)
	at lucee.runtime.PageContextImpl.execute(PageContextImpl.java:2464)
	at lucee.runtime.PageContextImpl._execute(PageContextImpl.java:2454)
	at lucee.runtime.PageContextImpl.executeCFML(PageContextImpl.java:2427)
	at lucee.runtime.engine.Request.exe(Request.java:44)
	at lucee.runtime.engine.CFMLEngineImpl._service(CFMLEngineImpl.java:1090)
	at lucee.runtime.engine.CFMLEngineImpl.serviceCFML(CFMLEngineImpl.java:1038)
	at lucee.loader.engine.CFMLEngineWrapper.serviceCFML(CFMLEngineWrapper.java:102)
	at lucee.loader.servlet.CFMLServlet.service(CFMLServlet.java:51)
	at javax.servlet.http.HttpServlet.service(HttpServlet.java:742)
	at org.apache.catalina.core.ApplicationFilterChain.internalDoFilter(ApplicationFilterChain.java:231)
	at org.apache.catalina.core.ApplicationFilterChain.doFilter(ApplicationFilterChain.java:166)
	at org.apache.tomcat.websocket.server.WsFilter.doFilter(WsFilter.java:52)
	at org.apache.catalina.core.ApplicationFilterChain.internalDoFilter(ApplicationFilterChain.java:193)
	at org.apache.catalina.core.ApplicationFilterChain.doFilter(ApplicationFilterChain.java:166)
	at org.apache.catalina.core.StandardWrapperValve.invoke(StandardWrapperValve.java:198)
	at org.apache.catalina.core.StandardContextValve.invoke(StandardContextValve.java:96)
	at org.apache.catalina.authenticator.AuthenticatorBase.invoke(AuthenticatorBase.java:493)
	at org.apache.catalina.core.StandardHostValve.invoke(StandardHostValve.java:140)
	at org.apache.catalina.valves.ErrorReportValve.invoke(ErrorReportValve.java:81)
	at mod_cfml.core.invoke(core.java:152)
	at org.apache.catalina.valves.AbstractAccessLogValve.invoke(AbstractAccessLogValve.java:650)
	at org.apache.catalina.core.StandardEngineValve.invoke(StandardEngineValve.java:87)
	at org.apache.catalina.connector.CoyoteAdapter.service(CoyoteAdapter.java:342)
	at org.apache.coyote.http11.Http11Processor.service(Http11Processor.java:800)
	at org.apache.coyote.AbstractProcessorLight.process(AbstractProcessorLight.java:66)
	at org.apache.coyote.AbstractProtocol$ConnectionHandler.process(AbstractProtocol.java:806)
	at org.apache.tomcat.util.net.NioEndpoint$SocketProcessor.doRun(NioEndpoint.java:1498)
	at org.apache.tomcat.util.net.SocketProcessorBase.run(SocketProcessorBase.java:49)
	at java.util.concurrent.ThreadPoolExecutor.runWorker(ThreadPoolExecutor.java:1149)
	at java.util.concurrent.ThreadPoolExecutor$Worker.run(ThreadPoolExecutor.java:624)
	at org.apache.tomcat.util.threads.TaskThread$WrappingRunnable.run(TaskThread.java:61)
	at java.lang.Thread.run(Thread.java:748)
"
"ERROR","http-nio-8888-exec-1","03/22/2019","14:42:15","","query tag;lucee.runtime.exp.DatabaseException
Table ""PAYMENTS"" already exists; SQL statement:
CREATE TABLE payments
	(
           baker_id VARCHAR(50) NOT NULL,
           cycle    INTEGER NOT NULL,
           date     DATE,
           result   VARCHAR(20) NOT NULL,
           total    DECIMAL(20,2) NOT NULL
	);
        ALTER TABLE payments ADD PRIMARY KEY (baker_id, cycle, date, result); [42101-172];lucee.runtime.exp.DatabaseException: 
	at org.h2.message.DbException.getJdbcSQLException(DbException.java:329)
	at org.h2.message.DbException.get(DbException.java:169)
	at org.h2.message.DbException.get(DbException.java:146)
	at org.h2.command.ddl.CreateTable.update(CreateTable.java:109)
	at org.h2.command.CommandContainer.update(CommandContainer.java:79)
	at org.h2.command.Command.executeUpdate(Command.java:235)
	at org.h2.command.CommandList.update(CommandList.java:43)
	at org.h2.command.Command.executeUpdate(Command.java:235)
	at org.h2.jdbc.JdbcStatement.executeInternal(JdbcStatement.java:180)
	at org.h2.jdbc.JdbcStatement.execute(JdbcStatement.java:155)
	at lucee.runtime.type.util.QueryUtil.execute(QueryUtil.java:293)
	at lucee.runtime.type.QueryImpl.execute(QueryImpl.java:273)
	at lucee.runtime.type.QueryImpl.<init>(QueryImpl.java:226)
	at lucee.runtime.tag.Query.executeDatasoure(Query.java:951)
	at lucee.runtime.tag.Query.doEndTag(Query.java:700)
	at components.environment_cfc$cf.udfCall(/components/environment.cfc:50)
	at lucee.runtime.type.UDFImpl.implementation(UDFImpl.java:107)
	at lucee.runtime.type.UDFImpl._call(UDFImpl.java:357)
	at lucee.runtime.type.UDFImpl.callWithNamedValues(UDFImpl.java:212)
	at lucee.runtime.ComponentImpl._call(ComponentImpl.java:695)
	at lucee.runtime.ComponentImpl._call(ComponentImpl.java:573)
	at lucee.runtime.ComponentImpl.callWithNamedValues(ComponentImpl.java:2010)
	at lucee.runtime.tag.Invoke.doComponent(Invoke.java:221)
	at lucee.runtime.tag.Invoke.doEndTag(Invoke.java:194)
	at application_cfc$cf.udfCall(/application.cfc:77)
	at lucee.runtime.type.UDFImpl.implementation(UDFImpl.java:107)
	at lucee.runtime.type.UDFImpl._call(UDFImpl.java:357)
	at lucee.runtime.type.UDFImpl.call(UDFImpl.java:226)
	at lucee.runtime.ComponentImpl._call(ComponentImpl.java:693)
	at lucee.runtime.ComponentImpl._call(ComponentImpl.java:573)
	at lucee.runtime.ComponentImpl.call(ComponentImpl.java:1997)
	at lucee.runtime.listener.ModernAppListener.call(ModernAppListener.java:438)
	at lucee.runtime.listener.ModernAppListener.onApplicationStart(ModernAppListener.java:306)
	at lucee.runtime.PageContextImpl.initApplicationContext(PageContextImpl.java:3113)
	at lucee.runtime.listener.ModernAppListener._onRequest(ModernAppListener.java:118)
	at lucee.runtime.listener.MixedAppListener.onRequest(MixedAppListener.java:43)
	at lucee.runtime.PageContextImpl.execute(PageContextImpl.java:2464)
	at lucee.runtime.PageContextImpl._execute(PageContextImpl.java:2454)
	at lucee.runtime.PageContextImpl.executeCFML(PageContextImpl.java:2427)
	at lucee.runtime.engine.Request.exe(Request.java:44)
	at lucee.runtime.engine.CFMLEngineImpl._service(CFMLEngineImpl.java:1090)
	at lucee.runtime.engine.CFMLEngineImpl.serviceCFML(CFMLEngineImpl.java:1038)
	at lucee.loader.engine.CFMLEngineWrapper.serviceCFML(CFMLEngineWrapper.java:102)
	at lucee.loader.servlet.CFMLServlet.service(CFMLServlet.java:51)
	at javax.servlet.http.HttpServlet.service(HttpServlet.java:742)
	at org.apache.catalina.core.ApplicationFilterChain.internalDoFilter(ApplicationFilterChain.java:231)
	at org.apache.catalina.core.ApplicationFilterChain.doFilter(ApplicationFilterChain.java:166)
	at org.apache.tomcat.websocket.server.WsFilter.doFilter(WsFilter.java:52)
	at org.apache.catalina.core.ApplicationFilterChain.internalDoFilter(ApplicationFilterChain.java:193)
	at org.apache.catalina.core.ApplicationFilterChain.doFilter(ApplicationFilterChain.java:166)
	at org.apache.catalina.core.StandardWrapperValve.invoke(StandardWrapperValve.java:198)
	at org.apache.catalina.core.StandardContextValve.invoke(StandardContextValve.java:96)
	at org.apache.catalina.authenticator.AuthenticatorBase.invoke(AuthenticatorBase.java:493)
	at org.apache.catalina.core.StandardHostValve.invoke(StandardHostValve.java:140)
	at org.apache.catalina.valves.ErrorReportValve.invoke(ErrorReportValve.java:81)
	at mod_cfml.core.invoke(core.java:152)
	at org.apache.catalina.valves.AbstractAccessLogValve.invoke(AbstractAccessLogValve.java:650)
	at org.apache.catalina.core.StandardEngineValve.invoke(StandardEngineValve.java:87)
	at org.apache.catalina.connector.CoyoteAdapter.service(CoyoteAdapter.java:342)
	at org.apache.coyote.http11.Http11Processor.service(Http11Processor.java:800)
	at org.apache.coyote.AbstractProcessorLight.process(AbstractProcessorLight.java:66)
	at org.apache.coyote.AbstractProtocol$ConnectionHandler.process(AbstractProtocol.java:806)
	at org.apache.tomcat.util.net.NioEndpoint$SocketProcessor.doRun(NioEndpoint.java:1498)
	at org.apache.tomcat.util.net.SocketProcessorBase.run(SocketProcessorBase.java:49)
	at java.util.concurrent.ThreadPoolExecutor.runWorker(ThreadPoolExecutor.java:1149)
	at java.util.concurrent.ThreadPoolExecutor$Worker.run(ThreadPoolExecutor.java:624)
	at org.apache.tomcat.util.threads.TaskThread$WrappingRunnable.run(TaskThread.java:61)
	at java.lang.Thread.run(Thread.java:748)
"
"ERROR","http-nio-8888-exec-1","03/22/2019","14:42:15","","query tag;lucee.runtime.exp.DatabaseException
Table ""DELEGATORSPAYMENTS"" already exists; SQL statement:
CREATE TABLE delegatorsPayments
	(
           baker_id VARCHAR(50) NOT NULL,
           cycle    INTEGER NOT NULL,
           address  VARCHAR(50) NOT NULL,
           date     DATE,
           result   VARCHAR(20) NOT NULL,
           total    DECIMAL(20,2) NOT NULL
	);
        ALTER TABLE delegatorsPayments ADD PRIMARY KEY (baker_id, cycle, address, date, result); [42101-172];lucee.runtime.exp.DatabaseException: 
	at org.h2.message.DbException.getJdbcSQLException(DbException.java:329)
	at org.h2.message.DbException.get(DbException.java:169)
	at org.h2.message.DbException.get(DbException.java:146)
	at org.h2.command.ddl.CreateTable.update(CreateTable.java:109)
	at org.h2.command.CommandContainer.update(CommandContainer.java:79)
	at org.h2.command.Command.executeUpdate(Command.java:235)
	at org.h2.command.CommandList.update(CommandList.java:43)
	at org.h2.command.Command.executeUpdate(Command.java:235)
	at org.h2.jdbc.JdbcStatement.executeInternal(JdbcStatement.java:180)
	at org.h2.jdbc.JdbcStatement.execute(JdbcStatement.java:155)
	at lucee.runtime.type.util.QueryUtil.execute(QueryUtil.java:293)
	at lucee.runtime.type.QueryImpl.execute(QueryImpl.java:273)
	at lucee.runtime.type.QueryImpl.<init>(QueryImpl.java:226)
	at lucee.runtime.tag.Query.executeDatasoure(Query.java:951)
	at lucee.runtime.tag.Query.doEndTag(Query.java:700)
	at components.environment_cfc$cf.udfCall(/components/environment.cfc:69)
	at lucee.runtime.type.UDFImpl.implementation(UDFImpl.java:107)
	at lucee.runtime.type.UDFImpl._call(UDFImpl.java:357)
	at lucee.runtime.type.UDFImpl.callWithNamedValues(UDFImpl.java:212)
	at lucee.runtime.ComponentImpl._call(ComponentImpl.java:695)
	at lucee.runtime.ComponentImpl._call(ComponentImpl.java:573)
	at lucee.runtime.ComponentImpl.callWithNamedValues(ComponentImpl.java:2010)
	at lucee.runtime.tag.Invoke.doComponent(Invoke.java:221)
	at lucee.runtime.tag.Invoke.doEndTag(Invoke.java:194)
	at application_cfc$cf.udfCall(/application.cfc:77)
	at lucee.runtime.type.UDFImpl.implementation(UDFImpl.java:107)
	at lucee.runtime.type.UDFImpl._call(UDFImpl.java:357)
	at lucee.runtime.type.UDFImpl.call(UDFImpl.java:226)
	at lucee.runtime.ComponentImpl._call(ComponentImpl.java:693)
	at lucee.runtime.ComponentImpl._call(ComponentImpl.java:573)
	at lucee.runtime.ComponentImpl.call(ComponentImpl.java:1997)
	at lucee.runtime.listener.ModernAppListener.call(ModernAppListener.java:438)
	at lucee.runtime.listener.ModernAppListener.onApplicationStart(ModernAppListener.java:306)
	at lucee.runtime.PageContextImpl.initApplicationContext(PageContextImpl.java:3113)
	at lucee.runtime.listener.ModernAppListener._onRequest(ModernAppListener.java:118)
	at lucee.runtime.listener.MixedAppListener.onRequest(MixedAppListener.java:43)
	at lucee.runtime.PageContextImpl.execute(PageContextImpl.java:2464)
	at lucee.runtime.PageContextImpl._execute(PageContextImpl.java:2454)
	at lucee.runtime.PageContextImpl.executeCFML(PageContextImpl.java:2427)
	at lucee.runtime.engine.Request.exe(Request.java:44)
	at lucee.runtime.engine.CFMLEngineImpl._service(CFMLEngineImpl.java:1090)
	at lucee.runtime.engine.CFMLEngineImpl.serviceCFML(CFMLEngineImpl.java:1038)
	at lucee.loader.engine.CFMLEngineWrapper.serviceCFML(CFMLEngineWrapper.java:102)
	at lucee.loader.servlet.CFMLServlet.service(CFMLServlet.java:51)
	at javax.servlet.http.HttpServlet.service(HttpServlet.java:742)
	at org.apache.catalina.core.ApplicationFilterChain.internalDoFilter(ApplicationFilterChain.java:231)
	at org.apache.catalina.core.ApplicationFilterChain.doFilter(ApplicationFilterChain.java:166)
	at org.apache.tomcat.websocket.server.WsFilter.doFilter(WsFilter.java:52)
	at org.apache.catalina.core.ApplicationFilterChain.internalDoFilter(ApplicationFilterChain.java:193)
	at org.apache.catalina.core.ApplicationFilterChain.doFilter(ApplicationFilterChain.java:166)
	at org.apache.catalina.core.StandardWrapperValve.invoke(StandardWrapperValve.java:198)
	at org.apache.catalina.core.StandardContextValve.invoke(StandardContextValve.java:96)
	at org.apache.catalina.authenticator.AuthenticatorBase.invoke(AuthenticatorBase.java:493)
	at org.apache.catalina.core.StandardHostValve.invoke(StandardHostValve.java:140)
	at org.apache.catalina.valves.ErrorReportValve.invoke(ErrorReportValve.java:81)
	at mod_cfml.core.invoke(core.java:152)
	at org.apache.catalina.valves.AbstractAccessLogValve.invoke(AbstractAccessLogValve.java:650)
	at org.apache.catalina.core.StandardEngineValve.invoke(StandardEngineValve.java:87)
	at org.apache.catalina.connector.CoyoteAdapter.service(CoyoteAdapter.java:342)
	at org.apache.coyote.http11.Http11Processor.service(Http11Processor.java:800)
	at org.apache.coyote.AbstractProcessorLight.process(AbstractProcessorLight.java:66)
	at org.apache.coyote.AbstractProtocol$ConnectionHandler.process(AbstractProtocol.java:806)
	at org.apache.tomcat.util.net.NioEndpoint$SocketProcessor.doRun(NioEndpoint.java:1498)
	at org.apache.tomcat.util.net.SocketProcessorBase.run(SocketProcessorBase.java:49)
	at java.util.concurrent.ThreadPoolExecutor.runWorker(ThreadPoolExecutor.java:1149)
	at java.util.concurrent.ThreadPoolExecutor$Worker.run(ThreadPoolExecutor.java:624)
	at org.apache.tomcat.util.threads.TaskThread$WrappingRunnable.run(TaskThread.java:61)
	at java.lang.Thread.run(Thread.java:748)
"
"ERROR","http-nio-8888-exec-1","03/22/2019","14:42:15","","query tag;lucee.runtime.exp.DatabaseException
Table ""DELEGATORSFEE"" already exists; SQL statement:
CREATE TABLE delegatorsFee
	(
           baker_id VARCHAR(50)  NOT NULL,
           address  VARCHAR(50)  NOT NULL,
           fee      DECIMAL(6,2) NOT NULL
	);
        ALTER TABLE delegatorsFee ADD PRIMARY KEY (baker_id, address); [42101-172];lucee.runtime.exp.DatabaseException: 
	at org.h2.message.DbException.getJdbcSQLException(DbException.java:329)
	at org.h2.message.DbException.get(DbException.java:169)
	at org.h2.message.DbException.get(DbException.java:146)
	at org.h2.command.ddl.CreateTable.update(CreateTable.java:109)
	at org.h2.command.CommandContainer.update(CommandContainer.java:79)
	at org.h2.command.Command.executeUpdate(Command.java:235)
	at org.h2.command.CommandList.update(CommandList.java:43)
	at org.h2.command.Command.executeUpdate(Command.java:235)
	at org.h2.jdbc.JdbcStatement.executeInternal(JdbcStatement.java:180)
	at org.h2.jdbc.JdbcStatement.execute(JdbcStatement.java:155)
	at lucee.runtime.type.util.QueryUtil.execute(QueryUtil.java:293)
	at lucee.runtime.type.QueryImpl.execute(QueryImpl.java:273)
	at lucee.runtime.type.QueryImpl.<init>(QueryImpl.java:226)
	at lucee.runtime.tag.Query.executeDatasoure(Query.java:951)
	at lucee.runtime.tag.Query.doEndTag(Query.java:700)
	at components.environment_cfc$cf.udfCall(/components/environment.cfc:85)
	at lucee.runtime.type.UDFImpl.implementation(UDFImpl.java:107)
	at lucee.runtime.type.UDFImpl._call(UDFImpl.java:357)
	at lucee.runtime.type.UDFImpl.callWithNamedValues(UDFImpl.java:212)
	at lucee.runtime.ComponentImpl._call(ComponentImpl.java:695)
	at lucee.runtime.ComponentImpl._call(ComponentImpl.java:573)
	at lucee.runtime.ComponentImpl.callWithNamedValues(ComponentImpl.java:2010)
	at lucee.runtime.tag.Invoke.doComponent(Invoke.java:221)
	at lucee.runtime.tag.Invoke.doEndTag(Invoke.java:194)
	at application_cfc$cf.udfCall(/application.cfc:77)
	at lucee.runtime.type.UDFImpl.implementation(UDFImpl.java:107)
	at lucee.runtime.type.UDFImpl._call(UDFImpl.java:357)
	at lucee.runtime.type.UDFImpl.call(UDFImpl.java:226)
	at lucee.runtime.ComponentImpl._call(ComponentImpl.java:693)
	at lucee.runtime.ComponentImpl._call(ComponentImpl.java:573)
	at lucee.runtime.ComponentImpl.call(ComponentImpl.java:1997)
	at lucee.runtime.listener.ModernAppListener.call(ModernAppListener.java:438)
	at lucee.runtime.listener.ModernAppListener.onApplicationStart(ModernAppListener.java:306)
	at lucee.runtime.PageContextImpl.initApplicationContext(PageContextImpl.java:3113)
	at lucee.runtime.listener.ModernAppListener._onRequest(ModernAppListener.java:118)
	at lucee.runtime.listener.MixedAppListener.onRequest(MixedAppListener.java:43)
	at lucee.runtime.PageContextImpl.execute(PageContextImpl.java:2464)
	at lucee.runtime.PageContextImpl._execute(PageContextImpl.java:2454)
	at lucee.runtime.PageContextImpl.executeCFML(PageContextImpl.java:2427)
	at lucee.runtime.engine.Request.exe(Request.java:44)
	at lucee.runtime.engine.CFMLEngineImpl._service(CFMLEngineImpl.java:1090)
	at lucee.runtime.engine.CFMLEngineImpl.serviceCFML(CFMLEngineImpl.java:1038)
	at lucee.loader.engine.CFMLEngineWrapper.serviceCFML(CFMLEngineWrapper.java:102)
	at lucee.loader.servlet.CFMLServlet.service(CFMLServlet.java:51)
	at javax.servlet.http.HttpServlet.service(HttpServlet.java:742)
	at org.apache.catalina.core.ApplicationFilterChain.internalDoFilter(ApplicationFilterChain.java:231)
	at org.apache.catalina.core.ApplicationFilterChain.doFilter(ApplicationFilterChain.java:166)
	at org.apache.tomcat.websocket.server.WsFilter.doFilter(WsFilter.java:52)
	at org.apache.catalina.core.ApplicationFilterChain.internalDoFilter(ApplicationFilterChain.java:193)
	at org.apache.catalina.core.ApplicationFilterChain.doFilter(ApplicationFilterChain.java:166)
	at org.apache.catalina.core.StandardWrapperValve.invoke(StandardWrapperValve.java:198)
	at org.apache.catalina.core.StandardContextValve.invoke(StandardContextValve.java:96)
	at org.apache.catalina.authenticator.AuthenticatorBase.invoke(AuthenticatorBase.java:493)
	at org.apache.catalina.core.StandardHostValve.invoke(StandardHostValve.java:140)
	at org.apache.catalina.valves.ErrorReportValve.invoke(ErrorReportValve.java:81)
	at mod_cfml.core.invoke(core.java:152)
	at org.apache.catalina.valves.AbstractAccessLogValve.invoke(AbstractAccessLogValve.java:650)
	at org.apache.catalina.core.StandardEngineValve.invoke(StandardEngineValve.java:87)
	at org.apache.catalina.connector.CoyoteAdapter.service(CoyoteAdapter.java:342)
	at org.apache.coyote.http11.Http11Processor.service(Http11Processor.java:800)
	at org.apache.coyote.AbstractProcessorLight.process(AbstractProcessorLight.java:66)
	at org.apache.coyote.AbstractProtocol$ConnectionHandler.process(AbstractProtocol.java:806)
	at org.apache.tomcat.util.net.NioEndpoint$SocketProcessor.doRun(NioEndpoint.java:1498)
	at org.apache.tomcat.util.net.SocketProcessorBase.run(SocketProcessorBase.java:49)
	at java.util.concurrent.ThreadPoolExecutor.runWorker(ThreadPoolExecutor.java:1149)
	at java.util.concurrent.ThreadPoolExecutor$Worker.run(ThreadPoolExecutor.java:624)
	at org.apache.tomcat.util.threads.TaskThread$WrappingRunnable.run(TaskThread.java:61)
	at java.lang.Thread.run(Thread.java:748)
"
"ERROR","http-nio-8888-exec-1","03/22/2019","14:48:33","","query tag;lucee.runtime.exp.DatabaseException
Table ""SETTINGS"" already exists; SQL statement:
CREATE TABLE settings
	(
           baker_id          VARCHAR(50) NOT NULL,
           default_fee       DECIMAL(6,2) NOT NULL,
           update_freq       INTEGER NOT NULL,
           user_name         VARCHAR(100),
           pass_hash         VARCHAR(150),
           application_port  INTEGER NOT NULL,
           client_path       VARCHAR(200) NOT NULL,
           node_alias        VARCHAR(100) NOT NULL,
           status            BOOLEAN,
           mode              VARCHAR(20),
           hash_salt         VARCHAR(150),
           base_dir          VARCHAR(200) NOT NULL,
           wallet_hash       VARCHAR(150),
           wallet_salt       VARCHAR(150),
           phrase            VARCHAR(150),
           app_phrase        VARCHAR(150),
           funds_origin      VARCHAR(20)
	);
        ALTER TABLE settings ADD PRIMARY KEY (baker_id); [42101-172];lucee.runtime.exp.DatabaseException: 
	at org.h2.message.DbException.getJdbcSQLException(DbException.java:329)
	at org.h2.message.DbException.get(DbException.java:169)
	at org.h2.message.DbException.get(DbException.java:146)
	at org.h2.command.ddl.CreateTable.update(CreateTable.java:109)
	at org.h2.command.CommandContainer.update(CommandContainer.java:79)
	at org.h2.command.Command.executeUpdate(Command.java:235)
	at org.h2.command.CommandList.update(CommandList.java:43)
	at org.h2.command.Command.executeUpdate(Command.java:235)
	at org.h2.jdbc.JdbcStatement.executeInternal(JdbcStatement.java:180)
	at org.h2.jdbc.JdbcStatement.execute(JdbcStatement.java:155)
	at lucee.runtime.type.util.QueryUtil.execute(QueryUtil.java:293)
	at lucee.runtime.type.QueryImpl.execute(QueryImpl.java:273)
	at lucee.runtime.type.QueryImpl.<init>(QueryImpl.java:226)
	at lucee.runtime.tag.Query.executeDatasoure(Query.java:951)
	at lucee.runtime.tag.Query.doEndTag(Query.java:700)
	at components.environment_cfc$cf.udfCall(/components/environment.cfc:32)
	at lucee.runtime.type.UDFImpl.implementation(UDFImpl.java:107)
	at lucee.runtime.type.UDFImpl._call(UDFImpl.java:357)
	at lucee.runtime.type.UDFImpl.callWithNamedValues(UDFImpl.java:212)
	at lucee.runtime.ComponentImpl._call(ComponentImpl.java:695)
	at lucee.runtime.ComponentImpl._call(ComponentImpl.java:573)
	at lucee.runtime.ComponentImpl.callWithNamedValues(ComponentImpl.java:2010)
	at lucee.runtime.tag.Invoke.doComponent(Invoke.java:221)
	at lucee.runtime.tag.Invoke.doEndTag(Invoke.java:194)
	at application_cfc$cf.udfCall(/application.cfc:77)
	at lucee.runtime.type.UDFImpl.implementation(UDFImpl.java:107)
	at lucee.runtime.type.UDFImpl._call(UDFImpl.java:357)
	at lucee.runtime.type.UDFImpl.call(UDFImpl.java:226)
	at lucee.runtime.ComponentImpl._call(ComponentImpl.java:693)
	at lucee.runtime.ComponentImpl._call(ComponentImpl.java:573)
	at lucee.runtime.ComponentImpl.call(ComponentImpl.java:1997)
	at lucee.runtime.listener.ModernAppListener.call(ModernAppListener.java:438)
	at lucee.runtime.listener.ModernAppListener.onApplicationStart(ModernAppListener.java:306)
	at lucee.runtime.PageContextImpl.initApplicationContext(PageContextImpl.java:3113)
	at lucee.runtime.listener.ModernAppListener._onRequest(ModernAppListener.java:118)
	at lucee.runtime.listener.MixedAppListener.onRequest(MixedAppListener.java:43)
	at lucee.runtime.PageContextImpl.execute(PageContextImpl.java:2464)
	at lucee.runtime.PageContextImpl._execute(PageContextImpl.java:2454)
	at lucee.runtime.PageContextImpl.executeCFML(PageContextImpl.java:2427)
	at lucee.runtime.engine.Request.exe(Request.java:44)
	at lucee.runtime.engine.CFMLEngineImpl._service(CFMLEngineImpl.java:1090)
	at lucee.runtime.engine.CFMLEngineImpl.serviceCFML(CFMLEngineImpl.java:1038)
	at lucee.loader.engine.CFMLEngineWrapper.serviceCFML(CFMLEngineWrapper.java:102)
	at lucee.loader.servlet.CFMLServlet.service(CFMLServlet.java:51)
	at javax.servlet.http.HttpServlet.service(HttpServlet.java:742)
	at org.apache.catalina.core.ApplicationFilterChain.internalDoFilter(ApplicationFilterChain.java:231)
	at org.apache.catalina.core.ApplicationFilterChain.doFilter(ApplicationFilterChain.java:166)
	at org.apache.tomcat.websocket.server.WsFilter.doFilter(WsFilter.java:52)
	at org.apache.catalina.core.ApplicationFilterChain.internalDoFilter(ApplicationFilterChain.java:193)
	at org.apache.catalina.core.ApplicationFilterChain.doFilter(ApplicationFilterChain.java:166)
	at org.apache.catalina.core.StandardWrapperValve.invoke(StandardWrapperValve.java:198)
	at org.apache.catalina.core.StandardContextValve.invoke(StandardContextValve.java:96)
	at org.apache.catalina.authenticator.AuthenticatorBase.invoke(AuthenticatorBase.java:493)
	at org.apache.catalina.core.StandardHostValve.invoke(StandardHostValve.java:140)
	at org.apache.catalina.valves.ErrorReportValve.invoke(ErrorReportValve.java:81)
	at mod_cfml.core.invoke(core.java:152)
	at org.apache.catalina.valves.AbstractAccessLogValve.invoke(AbstractAccessLogValve.java:650)
	at org.apache.catalina.core.StandardEngineValve.invoke(StandardEngineValve.java:87)
	at org.apache.catalina.connector.CoyoteAdapter.service(CoyoteAdapter.java:342)
	at org.apache.coyote.http11.Http11Processor.service(Http11Processor.java:800)
	at org.apache.coyote.AbstractProcessorLight.process(AbstractProcessorLight.java:66)
	at org.apache.coyote.AbstractProtocol$ConnectionHandler.process(AbstractProtocol.java:806)
	at org.apache.tomcat.util.net.NioEndpoint$SocketProcessor.doRun(NioEndpoint.java:1498)
	at org.apache.tomcat.util.net.SocketProcessorBase.run(SocketProcessorBase.java:49)
	at java.util.concurrent.ThreadPoolExecutor.runWorker(ThreadPoolExecutor.java:1149)
	at java.util.concurrent.ThreadPoolExecutor$Worker.run(ThreadPoolExecutor.java:624)
	at org.apache.tomcat.util.threads.TaskThread$WrappingRunnable.run(TaskThread.java:61)
	at java.lang.Thread.run(Thread.java:748)
"
"ERROR","http-nio-8888-exec-1","03/22/2019","14:48:33","","query tag;lucee.runtime.exp.DatabaseException
Table ""PAYMENTS"" already exists; SQL statement:
CREATE TABLE payments
	(
           baker_id VARCHAR(50) NOT NULL,
           cycle    INTEGER NOT NULL,
           date     DATE,
           result   VARCHAR(20) NOT NULL,
           total    DECIMAL(20,2) NOT NULL
	);
        ALTER TABLE payments ADD PRIMARY KEY (baker_id, cycle, date, result); [42101-172];lucee.runtime.exp.DatabaseException: 
	at org.h2.message.DbException.getJdbcSQLException(DbException.java:329)
	at org.h2.message.DbException.get(DbException.java:169)
	at org.h2.message.DbException.get(DbException.java:146)
	at org.h2.command.ddl.CreateTable.update(CreateTable.java:109)
	at org.h2.command.CommandContainer.update(CommandContainer.java:79)
	at org.h2.command.Command.executeUpdate(Command.java:235)
	at org.h2.command.CommandList.update(CommandList.java:43)
	at org.h2.command.Command.executeUpdate(Command.java:235)
	at org.h2.jdbc.JdbcStatement.executeInternal(JdbcStatement.java:180)
	at org.h2.jdbc.JdbcStatement.execute(JdbcStatement.java:155)
	at lucee.runtime.type.util.QueryUtil.execute(QueryUtil.java:293)
	at lucee.runtime.type.QueryImpl.execute(QueryImpl.java:273)
	at lucee.runtime.type.QueryImpl.<init>(QueryImpl.java:226)
	at lucee.runtime.tag.Query.executeDatasoure(Query.java:951)
	at lucee.runtime.tag.Query.doEndTag(Query.java:700)
	at components.environment_cfc$cf.udfCall(/components/environment.cfc:50)
	at lucee.runtime.type.UDFImpl.implementation(UDFImpl.java:107)
	at lucee.runtime.type.UDFImpl._call(UDFImpl.java:357)
	at lucee.runtime.type.UDFImpl.callWithNamedValues(UDFImpl.java:212)
	at lucee.runtime.ComponentImpl._call(ComponentImpl.java:695)
	at lucee.runtime.ComponentImpl._call(ComponentImpl.java:573)
	at lucee.runtime.ComponentImpl.callWithNamedValues(ComponentImpl.java:2010)
	at lucee.runtime.tag.Invoke.doComponent(Invoke.java:221)
	at lucee.runtime.tag.Invoke.doEndTag(Invoke.java:194)
	at application_cfc$cf.udfCall(/application.cfc:77)
	at lucee.runtime.type.UDFImpl.implementation(UDFImpl.java:107)
	at lucee.runtime.type.UDFImpl._call(UDFImpl.java:357)
	at lucee.runtime.type.UDFImpl.call(UDFImpl.java:226)
	at lucee.runtime.ComponentImpl._call(ComponentImpl.java:693)
	at lucee.runtime.ComponentImpl._call(ComponentImpl.java:573)
	at lucee.runtime.ComponentImpl.call(ComponentImpl.java:1997)
	at lucee.runtime.listener.ModernAppListener.call(ModernAppListener.java:438)
	at lucee.runtime.listener.ModernAppListener.onApplicationStart(ModernAppListener.java:306)
	at lucee.runtime.PageContextImpl.initApplicationContext(PageContextImpl.java:3113)
	at lucee.runtime.listener.ModernAppListener._onRequest(ModernAppListener.java:118)
	at lucee.runtime.listener.MixedAppListener.onRequest(MixedAppListener.java:43)
	at lucee.runtime.PageContextImpl.execute(PageContextImpl.java:2464)
	at lucee.runtime.PageContextImpl._execute(PageContextImpl.java:2454)
	at lucee.runtime.PageContextImpl.executeCFML(PageContextImpl.java:2427)
	at lucee.runtime.engine.Request.exe(Request.java:44)
	at lucee.runtime.engine.CFMLEngineImpl._service(CFMLEngineImpl.java:1090)
	at lucee.runtime.engine.CFMLEngineImpl.serviceCFML(CFMLEngineImpl.java:1038)
	at lucee.loader.engine.CFMLEngineWrapper.serviceCFML(CFMLEngineWrapper.java:102)
	at lucee.loader.servlet.CFMLServlet.service(CFMLServlet.java:51)
	at javax.servlet.http.HttpServlet.service(HttpServlet.java:742)
	at org.apache.catalina.core.ApplicationFilterChain.internalDoFilter(ApplicationFilterChain.java:231)
	at org.apache.catalina.core.ApplicationFilterChain.doFilter(ApplicationFilterChain.java:166)
	at org.apache.tomcat.websocket.server.WsFilter.doFilter(WsFilter.java:52)
	at org.apache.catalina.core.ApplicationFilterChain.internalDoFilter(ApplicationFilterChain.java:193)
	at org.apache.catalina.core.ApplicationFilterChain.doFilter(ApplicationFilterChain.java:166)
	at org.apache.catalina.core.StandardWrapperValve.invoke(StandardWrapperValve.java:198)
	at org.apache.catalina.core.StandardContextValve.invoke(StandardContextValve.java:96)
	at org.apache.catalina.authenticator.AuthenticatorBase.invoke(AuthenticatorBase.java:493)
	at org.apache.catalina.core.StandardHostValve.invoke(StandardHostValve.java:140)
	at org.apache.catalina.valves.ErrorReportValve.invoke(ErrorReportValve.java:81)
	at mod_cfml.core.invoke(core.java:152)
	at org.apache.catalina.valves.AbstractAccessLogValve.invoke(AbstractAccessLogValve.java:650)
	at org.apache.catalina.core.StandardEngineValve.invoke(StandardEngineValve.java:87)
	at org.apache.catalina.connector.CoyoteAdapter.service(CoyoteAdapter.java:342)
	at org.apache.coyote.http11.Http11Processor.service(Http11Processor.java:800)
	at org.apache.coyote.AbstractProcessorLight.process(AbstractProcessorLight.java:66)
	at org.apache.coyote.AbstractProtocol$ConnectionHandler.process(AbstractProtocol.java:806)
	at org.apache.tomcat.util.net.NioEndpoint$SocketProcessor.doRun(NioEndpoint.java:1498)
	at org.apache.tomcat.util.net.SocketProcessorBase.run(SocketProcessorBase.java:49)
	at java.util.concurrent.ThreadPoolExecutor.runWorker(ThreadPoolExecutor.java:1149)
	at java.util.concurrent.ThreadPoolExecutor$Worker.run(ThreadPoolExecutor.java:624)
	at org.apache.tomcat.util.threads.TaskThread$WrappingRunnable.run(TaskThread.java:61)
	at java.lang.Thread.run(Thread.java:748)
"
"ERROR","http-nio-8888-exec-1","03/22/2019","14:48:33","","query tag;lucee.runtime.exp.DatabaseException
Table ""DELEGATORSPAYMENTS"" already exists; SQL statement:
CREATE TABLE delegatorsPayments
	(
           baker_id VARCHAR(50) NOT NULL,
           cycle    INTEGER NOT NULL,
           address  VARCHAR(50) NOT NULL,
           date     DATE,
           result   VARCHAR(20) NOT NULL,
           total    DECIMAL(20,2) NOT NULL
	);
        ALTER TABLE delegatorsPayments ADD PRIMARY KEY (baker_id, cycle, address, date, result); [42101-172];lucee.runtime.exp.DatabaseException: 
	at org.h2.message.DbException.getJdbcSQLException(DbException.java:329)
	at org.h2.message.DbException.get(DbException.java:169)
	at org.h2.message.DbException.get(DbException.java:146)
	at org.h2.command.ddl.CreateTable.update(CreateTable.java:109)
	at org.h2.command.CommandContainer.update(CommandContainer.java:79)
	at org.h2.command.Command.executeUpdate(Command.java:235)
	at org.h2.command.CommandList.update(CommandList.java:43)
	at org.h2.command.Command.executeUpdate(Command.java:235)
	at org.h2.jdbc.JdbcStatement.executeInternal(JdbcStatement.java:180)
	at org.h2.jdbc.JdbcStatement.execute(JdbcStatement.java:155)
	at lucee.runtime.type.util.QueryUtil.execute(QueryUtil.java:293)
	at lucee.runtime.type.QueryImpl.execute(QueryImpl.java:273)
	at lucee.runtime.type.QueryImpl.<init>(QueryImpl.java:226)
	at lucee.runtime.tag.Query.executeDatasoure(Query.java:951)
	at lucee.runtime.tag.Query.doEndTag(Query.java:700)
	at components.environment_cfc$cf.udfCall(/components/environment.cfc:69)
	at lucee.runtime.type.UDFImpl.implementation(UDFImpl.java:107)
	at lucee.runtime.type.UDFImpl._call(UDFImpl.java:357)
	at lucee.runtime.type.UDFImpl.callWithNamedValues(UDFImpl.java:212)
	at lucee.runtime.ComponentImpl._call(ComponentImpl.java:695)
	at lucee.runtime.ComponentImpl._call(ComponentImpl.java:573)
	at lucee.runtime.ComponentImpl.callWithNamedValues(ComponentImpl.java:2010)
	at lucee.runtime.tag.Invoke.doComponent(Invoke.java:221)
	at lucee.runtime.tag.Invoke.doEndTag(Invoke.java:194)
	at application_cfc$cf.udfCall(/application.cfc:77)
	at lucee.runtime.type.UDFImpl.implementation(UDFImpl.java:107)
	at lucee.runtime.type.UDFImpl._call(UDFImpl.java:357)
	at lucee.runtime.type.UDFImpl.call(UDFImpl.java:226)
	at lucee.runtime.ComponentImpl._call(ComponentImpl.java:693)
	at lucee.runtime.ComponentImpl._call(ComponentImpl.java:573)
	at lucee.runtime.ComponentImpl.call(ComponentImpl.java:1997)
	at lucee.runtime.listener.ModernAppListener.call(ModernAppListener.java:438)
	at lucee.runtime.listener.ModernAppListener.onApplicationStart(ModernAppListener.java:306)
	at lucee.runtime.PageContextImpl.initApplicationContext(PageContextImpl.java:3113)
	at lucee.runtime.listener.ModernAppListener._onRequest(ModernAppListener.java:118)
	at lucee.runtime.listener.MixedAppListener.onRequest(MixedAppListener.java:43)
	at lucee.runtime.PageContextImpl.execute(PageContextImpl.java:2464)
	at lucee.runtime.PageContextImpl._execute(PageContextImpl.java:2454)
	at lucee.runtime.PageContextImpl.executeCFML(PageContextImpl.java:2427)
	at lucee.runtime.engine.Request.exe(Request.java:44)
	at lucee.runtime.engine.CFMLEngineImpl._service(CFMLEngineImpl.java:1090)
	at lucee.runtime.engine.CFMLEngineImpl.serviceCFML(CFMLEngineImpl.java:1038)
	at lucee.loader.engine.CFMLEngineWrapper.serviceCFML(CFMLEngineWrapper.java:102)
	at lucee.loader.servlet.CFMLServlet.service(CFMLServlet.java:51)
	at javax.servlet.http.HttpServlet.service(HttpServlet.java:742)
	at org.apache.catalina.core.ApplicationFilterChain.internalDoFilter(ApplicationFilterChain.java:231)
	at org.apache.catalina.core.ApplicationFilterChain.doFilter(ApplicationFilterChain.java:166)
	at org.apache.tomcat.websocket.server.WsFilter.doFilter(WsFilter.java:52)
	at org.apache.catalina.core.ApplicationFilterChain.internalDoFilter(ApplicationFilterChain.java:193)
	at org.apache.catalina.core.ApplicationFilterChain.doFilter(ApplicationFilterChain.java:166)
	at org.apache.catalina.core.StandardWrapperValve.invoke(StandardWrapperValve.java:198)
	at org.apache.catalina.core.StandardContextValve.invoke(StandardContextValve.java:96)
	at org.apache.catalina.authenticator.AuthenticatorBase.invoke(AuthenticatorBase.java:493)
	at org.apache.catalina.core.StandardHostValve.invoke(StandardHostValve.java:140)
	at org.apache.catalina.valves.ErrorReportValve.invoke(ErrorReportValve.java:81)
	at mod_cfml.core.invoke(core.java:152)
	at org.apache.catalina.valves.AbstractAccessLogValve.invoke(AbstractAccessLogValve.java:650)
	at org.apache.catalina.core.StandardEngineValve.invoke(StandardEngineValve.java:87)
	at org.apache.catalina.connector.CoyoteAdapter.service(CoyoteAdapter.java:342)
	at org.apache.coyote.http11.Http11Processor.service(Http11Processor.java:800)
	at org.apache.coyote.AbstractProcessorLight.process(AbstractProcessorLight.java:66)
	at org.apache.coyote.AbstractProtocol$ConnectionHandler.process(AbstractProtocol.java:806)
	at org.apache.tomcat.util.net.NioEndpoint$SocketProcessor.doRun(NioEndpoint.java:1498)
	at org.apache.tomcat.util.net.SocketProcessorBase.run(SocketProcessorBase.java:49)
	at java.util.concurrent.ThreadPoolExecutor.runWorker(ThreadPoolExecutor.java:1149)
	at java.util.concurrent.ThreadPoolExecutor$Worker.run(ThreadPoolExecutor.java:624)
	at org.apache.tomcat.util.threads.TaskThread$WrappingRunnable.run(TaskThread.java:61)
	at java.lang.Thread.run(Thread.java:748)
"
"ERROR","http-nio-8888-exec-1","03/22/2019","14:48:33","","query tag;lucee.runtime.exp.DatabaseException
Table ""DELEGATORSFEE"" already exists; SQL statement:
CREATE TABLE delegatorsFee
	(
           baker_id VARCHAR(50)  NOT NULL,
           address  VARCHAR(50)  NOT NULL,
           fee      DECIMAL(6,2) NOT NULL
	);
        ALTER TABLE delegatorsFee ADD PRIMARY KEY (baker_id, address); [42101-172];lucee.runtime.exp.DatabaseException: 
	at org.h2.message.DbException.getJdbcSQLException(DbException.java:329)
	at org.h2.message.DbException.get(DbException.java:169)
	at org.h2.message.DbException.get(DbException.java:146)
	at org.h2.command.ddl.CreateTable.update(CreateTable.java:109)
	at org.h2.command.CommandContainer.update(CommandContainer.java:79)
	at org.h2.command.Command.executeUpdate(Command.java:235)
	at org.h2.command.CommandList.update(CommandList.java:43)
	at org.h2.command.Command.executeUpdate(Command.java:235)
	at org.h2.jdbc.JdbcStatement.executeInternal(JdbcStatement.java:180)
	at org.h2.jdbc.JdbcStatement.execute(JdbcStatement.java:155)
	at lucee.runtime.type.util.QueryUtil.execute(QueryUtil.java:293)
	at lucee.runtime.type.QueryImpl.execute(QueryImpl.java:273)
	at lucee.runtime.type.QueryImpl.<init>(QueryImpl.java:226)
	at lucee.runtime.tag.Query.executeDatasoure(Query.java:951)
	at lucee.runtime.tag.Query.doEndTag(Query.java:700)
	at components.environment_cfc$cf.udfCall(/components/environment.cfc:85)
	at lucee.runtime.type.UDFImpl.implementation(UDFImpl.java:107)
	at lucee.runtime.type.UDFImpl._call(UDFImpl.java:357)
	at lucee.runtime.type.UDFImpl.callWithNamedValues(UDFImpl.java:212)
	at lucee.runtime.ComponentImpl._call(ComponentImpl.java:695)
	at lucee.runtime.ComponentImpl._call(ComponentImpl.java:573)
	at lucee.runtime.ComponentImpl.callWithNamedValues(ComponentImpl.java:2010)
	at lucee.runtime.tag.Invoke.doComponent(Invoke.java:221)
	at lucee.runtime.tag.Invoke.doEndTag(Invoke.java:194)
	at application_cfc$cf.udfCall(/application.cfc:77)
	at lucee.runtime.type.UDFImpl.implementation(UDFImpl.java:107)
	at lucee.runtime.type.UDFImpl._call(UDFImpl.java:357)
	at lucee.runtime.type.UDFImpl.call(UDFImpl.java:226)
	at lucee.runtime.ComponentImpl._call(ComponentImpl.java:693)
	at lucee.runtime.ComponentImpl._call(ComponentImpl.java:573)
	at lucee.runtime.ComponentImpl.call(ComponentImpl.java:1997)
	at lucee.runtime.listener.ModernAppListener.call(ModernAppListener.java:438)
	at lucee.runtime.listener.ModernAppListener.onApplicationStart(ModernAppListener.java:306)
	at lucee.runtime.PageContextImpl.initApplicationContext(PageContextImpl.java:3113)
	at lucee.runtime.listener.ModernAppListener._onRequest(ModernAppListener.java:118)
	at lucee.runtime.listener.MixedAppListener.onRequest(MixedAppListener.java:43)
	at lucee.runtime.PageContextImpl.execute(PageContextImpl.java:2464)
	at lucee.runtime.PageContextImpl._execute(PageContextImpl.java:2454)
	at lucee.runtime.PageContextImpl.executeCFML(PageContextImpl.java:2427)
	at lucee.runtime.engine.Request.exe(Request.java:44)
	at lucee.runtime.engine.CFMLEngineImpl._service(CFMLEngineImpl.java:1090)
	at lucee.runtime.engine.CFMLEngineImpl.serviceCFML(CFMLEngineImpl.java:1038)
	at lucee.loader.engine.CFMLEngineWrapper.serviceCFML(CFMLEngineWrapper.java:102)
	at lucee.loader.servlet.CFMLServlet.service(CFMLServlet.java:51)
	at javax.servlet.http.HttpServlet.service(HttpServlet.java:742)
	at org.apache.catalina.core.ApplicationFilterChain.internalDoFilter(ApplicationFilterChain.java:231)
	at org.apache.catalina.core.ApplicationFilterChain.doFilter(ApplicationFilterChain.java:166)
	at org.apache.tomcat.websocket.server.WsFilter.doFilter(WsFilter.java:52)
	at org.apache.catalina.core.ApplicationFilterChain.internalDoFilter(ApplicationFilterChain.java:193)
	at org.apache.catalina.core.ApplicationFilterChain.doFilter(ApplicationFilterChain.java:166)
	at org.apache.catalina.core.StandardWrapperValve.invoke(StandardWrapperValve.java:198)
	at org.apache.catalina.core.StandardContextValve.invoke(StandardContextValve.java:96)
	at org.apache.catalina.authenticator.AuthenticatorBase.invoke(AuthenticatorBase.java:493)
	at org.apache.catalina.core.StandardHostValve.invoke(StandardHostValve.java:140)
	at org.apache.catalina.valves.ErrorReportValve.invoke(ErrorReportValve.java:81)
	at mod_cfml.core.invoke(core.java:152)
	at org.apache.catalina.valves.AbstractAccessLogValve.invoke(AbstractAccessLogValve.java:650)
	at org.apache.catalina.core.StandardEngineValve.invoke(StandardEngineValve.java:87)
	at org.apache.catalina.connector.CoyoteAdapter.service(CoyoteAdapter.java:342)
	at org.apache.coyote.http11.Http11Processor.service(Http11Processor.java:800)
	at org.apache.coyote.AbstractProcessorLight.process(AbstractProcessorLight.java:66)
	at org.apache.coyote.AbstractProtocol$ConnectionHandler.process(AbstractProtocol.java:806)
	at org.apache.tomcat.util.net.NioEndpoint$SocketProcessor.doRun(NioEndpoint.java:1498)
	at org.apache.tomcat.util.net.SocketProcessorBase.run(SocketProcessorBase.java:49)
	at java.util.concurrent.ThreadPoolExecutor.runWorker(ThreadPoolExecutor.java:1149)
	at java.util.concurrent.ThreadPoolExecutor$Worker.run(ThreadPoolExecutor.java:624)
	at org.apache.tomcat.util.threads.TaskThread$WrappingRunnable.run(TaskThread.java:61)
	at java.lang.Thread.run(Thread.java:748)
"
